#
# A fatal error has been detected by the Java Runtime Environment:
#
#  SIGSEGV (0xb) at pc=0x00007efd6162bb82, pid=20119, tid=20125
#
# JRE version: OpenJDK Runtime Environment (15.0.2+7) (build 15.0.2+7-27)
# Java VM: OpenJDK 64-Bit Server VM (15.0.2+7-27, mixed mode, tiered, compressed oops, g1 gc, linux-amd64)
# Problematic frame:
# j  java.util.HashSet.isEmpty()Z+4 java.base@15.0.2
#
# Core dump will be written. Default location: Core dumps may be processed with "/usr/share/apport/apport %p %s %c %d %P %E" (or dumping to /home/corin/Documents/pruebas/pruebaTecnica/core.20119)
#
# If you would like to submit a bug report, please visit:
#   https://bugreport.java.com/bugreport/crash.jsp
#

---------------  S U M M A R Y ------------

Command Line: -ea -Dfile.encoding=UTF-8 -XX:+ShowCodeDetailsInExceptionMessages org.eclipse.jdt.internal.junit.runner.RemoteTestRunner -version 3 -port 37925 -testLoaderClass org.eclipse.jdt.internal.junit4.runner.JUnit4TestLoader -loaderpluginname org.eclipse.jdt.junit4.runtime -classNames com.jtccia.repositoryTest.ArtistaRepositoryTest

Host: Intel(R) Core(TM) i5-2410M CPU @ 2.30GHz, 4 cores, 7G, Ubuntu 20.04.3 LTS
Time: Tue Jan  4 21:13:40 2022 -05 elapsed time: 2.045855 seconds (0d 0h 0m 2s)

---------------  T H R E A D  ---------------

Current thread (0x00007efd7402a840):  JavaThread "main" [_thread_in_Java, id=20125, stack(0x00007efd7962c000,0x00007efd7972d000)]

Stack: [0x00007efd7962c000,0x00007efd7972d000],  sp=0x00007efd79729f70,  free space=1015k
Native frames: (J=compiled Java code, A=aot compiled Java code, j=interpreted, Vv=VM code, C=native code)
j  java.util.HashSet.isEmpty()Z+4 java.base@15.0.2
j  org.springframework.core.env.AbstractEnvironment.doGetActiveProfiles()Ljava/util/Set;+11
j  org.springframework.core.env.AbstractEnvironment.getActiveProfiles()[Ljava/lang/String;+1
j  org.springframework.boot.context.config.Profiles$Type$$Lambda$234+0x0000000100227440.apply(Ljava/lang/Object;)Ljava/lang/Object;+4
j  org.springframework.boot.context.config.Profiles$Type.get(Lorg/springframework/core/env/Environment;)[Ljava/lang/String;+5
j  org.springframework.boot.context.config.Profiles.getProfiles(Lorg/springframework/core/env/Environment;Lorg/springframework/boot/context/properties/bind/Binder;Lorg/springframework/boot/context/config/Profiles$Type;)Ljava/util/Collection;+42
j  org.springframework.boot.context.config.Profiles.getActivatedProfiles(Lorg/springframework/core/env/Environment;Lorg/springframework/boot/context/properties/bind/Binder;Ljava/util/Collection;)Ljava/util/List;+7
j  org.springframework.boot.context.config.Profiles.<init>(Lorg/springframework/core/env/Environment;Lorg/springframework/boot/context/properties/bind/Binder;Ljava/util/Collection;)V+34
j  org.springframework.boot.context.config.ConfigDataEnvironment.withProfiles(Lorg/springframework/boot/context/config/ConfigDataEnvironmentContributors;Lorg/springframework/boot/context/config/ConfigDataActivationContext;)Lorg/springframework/boot/context/config/ConfigDataActivationContext;+70
j  org.springframework.boot.context.config.ConfigDataEnvironment.processAndApply()V+77
j  org.springframework.boot.context.config.ConfigDataEnvironmentPostProcessor.postProcessEnvironment(Lorg/springframework/core/env/ConfigurableEnvironment;Lorg/springframework/core/io/ResourceLoader;Ljava/util/Collection;)V+34
j  org.springframework.boot.context.config.ConfigDataEnvironmentPostProcessor.postProcessEnvironment(Lorg/springframework/core/env/ConfigurableEnvironment;Lorg/springframework/boot/SpringApplication;)V+10
j  org.springframework.boot.env.EnvironmentPostProcessorApplicationListener.onApplicationEnvironmentPreparedEvent(Lorg/springframework/boot/context/event/ApplicationEnvironmentPreparedEvent;)V+55
j  org.springframework.boot.env.EnvironmentPostProcessorApplicationListener.onApplicationEvent(Lorg/springframework/context/ApplicationEvent;)V+12
j  org.springframework.context.event.SimpleApplicationEventMulticaster.doInvokeListener(Lorg/springframework/context/ApplicationListener;Lorg/springframework/context/ApplicationEvent;)V+2
j  org.springframework.context.event.SimpleApplicationEventMulticaster.invokeListener(Lorg/springframework/context/ApplicationListener;Lorg/springframework/context/ApplicationEvent;)V+34
j  org.springframework.context.event.SimpleApplicationEventMulticaster.multicastEvent(Lorg/springframework/context/ApplicationEvent;Lorg/springframework/core/ResolvableType;)V+83
j  org.springframework.context.event.SimpleApplicationEventMulticaster.multicastEvent(Lorg/springframework/context/ApplicationEvent;)V+7
j  org.springframework.boot.context.event.EventPublishingRunListener.environmentPrepared(Lorg/springframework/boot/ConfigurableBootstrapContext;Lorg/springframework/core/env/ConfigurableEnvironment;)V+21
j  org.springframework.boot.SpringApplicationRunListeners.lambda$environmentPrepared$2(Lorg/springframework/boot/ConfigurableBootstrapContext;Lorg/springframework/core/env/ConfigurableEnvironment;Lorg/springframework/boot/SpringApplicationRunListener;)V+3
j  org.springframework.boot.SpringApplicationRunListeners$$Lambda$157+0x00000001001f0708.accept(Ljava/lang/Object;)V+12
j  java.util.ArrayList.forEach(Ljava/util/function/Consumer;)V+46 java.base@15.0.2
j  org.springframework.boot.SpringApplicationRunListeners.doWithListeners(Ljava/lang/String;Ljava/util/function/Consumer;Ljava/util/function/Consumer;)V+17
j  org.springframework.boot.SpringApplicationRunListeners.doWithListeners(Ljava/lang/String;Ljava/util/function/Consumer;)V+4
j  org.springframework.boot.SpringApplicationRunListeners.environmentPrepared(Lorg/springframework/boot/ConfigurableBootstrapContext;Lorg/springframework/core/env/ConfigurableEnvironment;)V+10
j  org.springframework.boot.SpringApplication.prepareEnvironment(Lorg/springframework/boot/SpringApplicationRunListeners;Lorg/springframework/boot/DefaultBootstrapContext;Lorg/springframework/boot/ApplicationArguments;)Lorg/springframework/core/env/ConfigurableEnvironment;+27
j  org.springframework.boot.SpringApplication.run([Ljava/lang/String;)Lorg/springframework/context/ConfigurableApplicationContext;+57
j  org.springframework.boot.test.context.SpringBootContextLoader.loadContext(Lorg/springframework/test/context/MergedContextConfiguration;)Lorg/springframework/context/ApplicationContext;+260
j  org.springframework.test.context.cache.DefaultCacheAwareContextLoaderDelegate.loadContextInternal(Lorg/springframework/test/context/MergedContextConfiguration;)Lorg/springframework/context/ApplicationContext;+27
j  org.springframework.test.context.cache.DefaultCacheAwareContextLoaderDelegate.loadContext(Lorg/springframework/test/context/MergedContextConfiguration;)Lorg/springframework/context/ApplicationContext;+24
j  org.springframework.test.context.support.DefaultTestContext.getApplicationContext()Lorg/springframework/context/ApplicationContext;+8
j  org.springframework.test.context.support.DependencyInjectionTestExecutionListener.injectDependencies(Lorg/springframework/test/context/TestContext;)V+15
j  org.springframework.test.context.support.DependencyInjectionTestExecutionListener.prepareTestInstance(Lorg/springframework/test/context/TestContext;)V+45
j  org.springframework.boot.test.autoconfigure.SpringBootDependencyInjectionTestExecutionListener.prepareTestInstance(Lorg/springframework/test/context/TestContext;)V+2
j  org.springframework.test.context.TestContextManager.prepareTestInstance(Ljava/lang/Object;)V+89
j  org.springframework.test.context.junit4.SpringJUnit4ClassRunner.createTest()Ljava/lang/Object;+10
j  org.springframework.test.context.junit4.SpringJUnit4ClassRunner$1.runReflectiveCall()Ljava/lang/Object;+4
j  org.junit.internal.runners.model.ReflectiveCallable.run()Ljava/lang/Object;+1
j  org.springframework.test.context.junit4.SpringJUnit4ClassRunner.methodBlock(Lorg/junit/runners/model/FrameworkMethod;)Lorg/junit/runners/model/Statement;+8
j  org.springframework.test.context.junit4.SpringJUnit4ClassRunner.runChild(Lorg/junit/runners/model/FrameworkMethod;Lorg/junit/runner/notification/RunNotifier;)V+24
j  org.springframework.test.context.junit4.SpringJUnit4ClassRunner.runChild(Ljava/lang/Object;Lorg/junit/runner/notification/RunNotifier;)V+6
j  org.junit.runners.ParentRunner$4.run()V+12
j  org.junit.runners.ParentRunner$1.schedule(Ljava/lang/Runnable;)V+1
j  org.junit.runners.ParentRunner.runChildren(Lorg/junit/runner/notification/RunNotifier;)V+44
j  org.junit.runners.ParentRunner.access$100(Lorg/junit/runners/ParentRunner;Lorg/junit/runner/notification/RunNotifier;)V+2
j  org.junit.runners.ParentRunner$2.evaluate()V+8
j  org.springframework.test.context.junit4.statements.RunBeforeTestClassCallbacks.evaluate()V+11
j  org.springframework.test.context.junit4.statements.RunAfterTestClassCallbacks.evaluate()V+12
j  org.junit.runners.ParentRunner$3.evaluate()V+4
j  org.junit.runners.ParentRunner.run(Lorg/junit/runner/notification/RunNotifier;)V+24
j  org.springframework.test.context.junit4.SpringJUnit4ClassRunner.run(Lorg/junit/runner/notification/RunNotifier;)V+24
j  org.eclipse.jdt.internal.junit4.runner.JUnit4TestReference.run(Lorg/eclipse/jdt/internal/junit/runner/TestExecution;)V+72
j  org.eclipse.jdt.internal.junit.runner.TestExecution.run([Lorg/eclipse/jdt/internal/junit/runner/ITestReference;)V+27
j  org.eclipse.jdt.internal.junit.runner.RemoteTestRunner.runTests([Ljava/lang/String;Ljava/lang/String;Lorg/eclipse/jdt/internal/junit/runner/TestExecution;)V+62
j  org.eclipse.jdt.internal.junit.runner.RemoteTestRunner.runTests(Lorg/eclipse/jdt/internal/junit/runner/TestExecution;)V+10
j  org.eclipse.jdt.internal.junit.runner.RemoteTestRunner.run()V+70
j  org.eclipse.jdt.internal.junit.runner.RemoteTestRunner.main([Ljava/lang/String;)V+14
v  ~StubRoutines::call_stub
V  [libjvm.so+0x7741b9]  JavaCalls::call_helper(JavaValue*, methodHandle const&, JavaCallArguments*, Thread*)+0x299
V  [libjvm.so+0x804f67]  jni_invoke_static(JNIEnv_*, JavaValue*, _jobject*, JNICallType, _jmethodID*, JNI_ArgumentPusher*, Thread*) [clone .isra.0] [clone .constprop.1]+0x357
V  [libjvm.so+0x807b5f]  jni_CallStaticVoidMethod+0x12f
C  [libjli.so+0x4627]  JavaMain+0xd17
C  [libjli.so+0x7fc9]  ThreadJavaMain+0x9


siginfo: si_signo: 11 (SIGSEGV), si_code: 2 (SEGV_ACCERR), si_addr: 0x000000008bd30420

Register to memory mapping:

RAX=0x0 is NULL
RBX=0x000000000000000a is an unknown value
RCX=
[error occurred during error reporting (printing register info), id 0xb, SIGSEGV (0xb) at pc=0x00007efd79eb5ef0]

Registers:
RAX=0x0000000000000000, RBX=0x000000000000000a, RCX=0x000000008bd30418, RDX=0x0000000010000001
RSP=0x00007efd79729f70, RBP=0x00007efd79729fc8, RSI=0x00007efd79729fe0, RDI=0x0000000000000002
R8 =0x00007efd4c5f4920, R9 =0x00007efd747a7c50, R10=0x00007efd7aa0adc0, R11=0x00007efd79729e90
R12=0x0000000000000000, R13=0x00007efd5cd53dd4, R14=0x00007efd79729fd8, R15=0x00007efd7402a840
RIP=0x00007efd6162bb82, EFLAGS=0x0000000000010246, CSGSFS=0x002b000000000033, ERR=0x0000000000000004
  TRAPNO=0x000000000000000e

Top of Stack: (sp=0x00007efd79729f70)
0x00007efd79729f70:   00007efd61618650 000000008bd30418
0x00007efd79729f80:   00007efd79729f80 00007efd5cd53dd4
0x00007efd79729f90:   00007efd79729fd8 00007efd5cd54888
0x00007efd79729fa0:   0000000000000000 0000000084448558 

Instructions: (pc=0x00007efd6162bb82)
0x00007efd6162ba82:   81 48 08 01 00 00 00 eb 4d 45 8b 6d 08 49 c1 e5
0x00007efd6162ba92:   03 4c 33 68 08 49 f7 c5 fc ff ff ff 74 38 49 f7
0x00007efd6162baa2:   c5 02 00 00 00 75 2f 48 81 78 08 00 00 00 00 74
0x00007efd6162bab2:   21 48 81 78 08 01 00 00 00 74 17 4c 33 68 08 49
0x00007efd6162bac2:   f7 c5 fc ff ff ff 74 0e 48 81 48 08 02 00 00 00
0x00007efd6162bad2:   eb 04 4c 89 68 08 48 83 c0 10 4c 8b 68 e8 41 83
0x00007efd6162bae2:   ed 02 41 83 fd 02 0f 8c 7d 00 00 00 4c 8b 6b 08
0x00007efd6162baf2:   45 0f b7 6d 34 4c 2b 28 41 83 ed 01 4e 8b 6c ec
0x00007efd6162bb02:   08 4d 85 ed 75 0a 48 81 48 08 01 00 00 00 eb 4d
0x00007efd6162bb12:   45 8b 6d 08 49 c1 e5 03 4c 33 68 08 49 f7 c5 fc
0x00007efd6162bb22:   ff ff ff 74 38 49 f7 c5 02 00 00 00 75 2f 48 81
0x00007efd6162bb32:   78 08 00 00 00 00 74 21 48 81 78 08 01 00 00 00
0x00007efd6162bb42:   74 17 4c 33 68 08 49 f7 c5 fc ff ff ff 74 0e 48
0x00007efd6162bb52:   81 48 08 02 00 00 00 eb 04 4c 89 68 08 48 83 c0
0x00007efd6162bb62:   10 4c 8b 68 d8 41 83 ed 04 41 c1 e5 03 49 03 c5
0x00007efd6162bb72:   48 89 45 d8 4c 8d 6c 24 08 4c 89 6d f0 ff 63 48
0x00007efd6162bb82:   8b 41 08 48 c1 e0 03 4c 8b 75 d8 4d 85 f6 0f 84
0x00007efd6162bb92:   95 00 00 00 49 8b 56 18 48 3b d0 0f 85 0f 00 00
0x00007efd6162bba2:   00 49 83 46 20 01 49 83 5e 20 00 e9 71 00 00 00
0x00007efd6162bbb2:   48 85 d2 0f 84 42 00 00 00 49 8b 56 28 48 3b d0
0x00007efd6162bbc2:   0f 85 0f 00 00 00 49 83 46 30 01 49 83 5e 30 00
0x00007efd6162bbd2:   e9 4c 00 00 00 48 85 d2 74 0f 49 83 46 08 01 49
0x00007efd6162bbe2:   83 5e 08 00 e9 38 00 00 00 49 89 46 28 ba 01 00
0x00007efd6162bbf2:   00 00 49 89 56 30 e9 26 00 00 00 49 3b 46 28 0f
0x00007efd6162bc02:   85 0f 00 00 00 49 83 46 30 01 49 83 5e 30 00 e9
0x00007efd6162bc12:   0d 00 00 00 49 89 46 18 ba 01 00 00 00 49 89 56
0x00007efd6162bc22:   20 49 83 c6 38 4c 89 75 d8 48 8b 9c d8 d0 01 00
0x00007efd6162bc32:   00 48 8b 55 d8 48 85 d2 0f 84 2f 01 00 00 80 7a
0x00007efd6162bc42:   c8 0b 0f 85 25 01 00 00 48 83 c2 08 4c 8b 6a f8
0x00007efd6162bc52:   41 83 ed 00 41 83 fd 02 0f 8c 04 01 00 00 4c 8b
0x00007efd6162bc62:   6b 08 45 0f b7 6d 34 4c 2b 2a 41 83 ed 01 4e 8b
0x00007efd6162bc72:   6c ec 08 4d 85 ed 75 0a 48 81 4a 08 01 00 00 00 


Stack slot to memory mapping:
stack at sp + 0 slots: 0x00007efd61618650 is at code_begin+208 in an Interpreter codelet
invoke return entry points  [0x00007efd61618580, 0x00007efd61618f60]  2528 bytes
stack at sp + 1 slots: 
[error occurred during error reporting (inspecting top of stack), id 0xb, SIGSEGV (0xb) at pc=0x00007efd79eb5ef0]

invokevirtual  182 invokevirtual  [0x00007efd6162b8c0, 0x00007efd6162bd80]  1216 bytes
[MachCode]
  0x00007efd6162b8c0: 50e9 3900 | 0000 4883 | ec08 c5fa | 1104 24e9 | 2b00 0000 | 4883 ec10 | c5fb 1104 | 24e9 1d00 
  0x00007efd6162b8e0: 0000 4883 | ec10 4889 | 0424 49ba | 0000 0000 | 0000 0000 | 4c89 5424 | 08e9 0100 | 0000 504c 
  0x00007efd6162b900: 896d c041 | 0fb7 5501 | 488b 4dd0 | c1e2 028b | 5cd1 28c1 | eb18 81e3 | ff00 0000 | 81fb b600 
  0x00007efd6162b920: 0000 0f84 | b000 0000 | bbb6 0000 | 00e8 0500 | 0000 e995 | 0000 0048 | 8bf3 488d | 4424 084c 
  0x00007efd6162b940: 896d c049 | 8bff c5f8 | 7749 89af | 1803 0000 | 4989 8708 | 0300 00f7 | c40f 0000 | 000f 8412 
  0x00007efd6162b960: 0000 0048 | 83ec 08e8 | 0401 9c18 | 4883 c408 | e905 0000 | 00e8 f600 | 9c18 49ba | 0000 0000 
  0x00007efd6162b980: 0000 0000 | 4d89 9708 | 0300 0049 | ba00 0000 | 0000 0000 | 004d 8997 | 1803 0000 | 49ba 0000 
  0x00007efd6162b9a0: 0000 0000 | 0000 4d89 | 9710 0300 | 00c5 f877 | 4981 7f08 | 0000 0000 | 0f84 0500 | 0000 e9bd 
  0x00007efd6162b9c0: 3efe ff4c | 8b6d c04c | 8b75 c8c3 | 410f b755 | 0148 8b4d | d0c1 e202 | 488b 5cd1 | 388b 54d1 
  0x00007efd6162b9e0: 408b ca81 | e1ff 0000 | 0048 8b4c | ccf8 448b | eac1 ea1c | 49ba c0ad | a07a fd7e | 0000 498b 
  0x00007efd6162ba00: 14d2 5241 | 8bd5 4c8b | 6dc0 8bc2 | 81e0 0000 | 1000 0f84 | 6a01 0000 | 483b 0148 | 8b45 d848 
  0x00007efd6162ba20: 85c0 0f84 | 1200 0000 | 4883 4008 | 0148 8358 | 0800 4883 | c038 4889 | 45d8 488b | 45d8 4885 
  0x00007efd6162ba40: c00f 842f | 0100 0080 | 78c8 0b0f | 8525 0100 | 0048 83c0 | 084c 8b68 | f841 83ed | 0041 83fd 
  0x00007efd6162ba60: 020f 8c04 | 0100 004c | 8b6b 0845 | 0fb7 6d34 | 4c2b 2841 | 83ed 014e | 8b6c ec08 | 4d85 ed75 
  0x00007efd6162ba80: 0a48 8148 | 0801 0000 | 00eb 4d45 | 8b6d 0849 | c1e5 034c | 3368 0849 | f7c5 fcff | ffff 7438 
  0x00007efd6162baa0: 49f7 c502 | 0000 0075 | 2f48 8178 | 0800 0000 | 0074 2148 | 8178 0801 | 0000 0074 | 174c 3368 
  0x00007efd6162bac0: 0849 f7c5 | fcff ffff | 740e 4881 | 4808 0200 | 0000 eb04 | 4c89 6808 | 4883 c010 | 4c8b 68e8 
  0x00007efd6162bae0: 4183 ed02 | 4183 fd02 | 0f8c 7d00 | 0000 4c8b | 6b08 450f | b76d 344c | 2b28 4183 | ed01 4e8b 
  0x00007efd6162bb00: 6cec 084d | 85ed 750a | 4881 4808 | 0100 0000 | eb4d 458b | 6d08 49c1 | e503 4c33 | 6808 49f7 
  0x00007efd6162bb20: c5fc ffff | ff74 3849 | f7c5 0200 | 0000 752f | 4881 7808 | 0000 0000 | 7421 4881 | 7808 0100 
  0x00007efd6162bb40: 0000 7417 | 4c33 6808 | 49f7 c5fc | ffff ff74 | 0e48 8148 | 0802 0000 | 00eb 044c | 8968 0848 
  0x00007efd6162bb60: 83c0 104c | 8b68 d841 | 83ed 0441 | c1e5 0349 | 03c5 4889 | 45d8 4c8d | 6c24 084c | 896d f0ff 
  0x00007efd6162bb80: 6348 8b41 | 0848 c1e0 | 034c 8b75 | d84d 85f6 | 0f84 9500 | 0000 498b | 5618 483b | d00f 850f 
  0x00007efd6162bba0: 0000 0049 | 8346 2001 | 4983 5e20 | 00e9 7100 | 0000 4885 | d20f 8442 | 0000 0049 | 8b56 2848 
  0x00007efd6162bbc0: 3bd0 0f85 | 0f00 0000 | 4983 4630 | 0149 835e | 3000 e94c | 0000 0048 | 85d2 740f | 4983 4608 
  0x00007efd6162bbe0: 0149 835e | 0800 e938 | 0000 0049 | 8946 28ba | 0100 0000 | 4989 5630 | e926 0000 | 0049 3b46 
  0x00007efd6162bc00: 280f 850f | 0000 0049 | 8346 3001 | 4983 5e30 | 00e9 0d00 | 0000 4989 | 4618 ba01 | 0000 0049 
  0x00007efd6162bc20: 8956 2049 | 83c6 384c | 8975 d848 | 8b9c d8d0 | 0100 0048 | 8b55 d848 | 85d2 0f84 | 2f01 0000 
  0x00007efd6162bc40: 807a c80b | 0f85 2501 | 0000 4883 | c208 4c8b | 6af8 4183 | ed00 4183 | fd02 0f8c | 0401 0000 
  0x00007efd6162bc60: 4c8b 6b08 | 450f b76d | 344c 2b2a | 4183 ed01 | 4e8b 6cec | 084d 85ed | 750a 4881 | 4a08 0100 
  0x00007efd6162bc80: 0000 eb4d | 458b 6d08 | 49c1 e503 | 4c33 6a08 | 49f7 c5fc | ffff ff74 | 3849 f7c5 | 0200 0000 
  0x00007efd6162bca0: 752f 4881 | 7a08 0000 | 0000 7421 | 4881 7a08 | 0100 0000 | 7417 4c33 | 6a08 49f7 | c5fc ffff 
  0x00007efd6162bcc0: ff74 0e48 | 814a 0802 | 0000 00eb | 044c 896a | 0848 83c2 | 104c 8b6a | e841 83ed | 0241 83fd 
  0x00007efd6162bce0: 020f 8c7d | 0000 004c | 8b6b 0845 | 0fb7 6d34 | 4c2b 2a41 | 83ed 014e | 8b6c ec08 | 4d85 ed75 
  0x00007efd6162bd00: 0a48 814a | 0801 0000 | 00eb 4d45 | 8b6d 0849 | c1e5 034c | 336a 0849 | f7c5 fcff | ffff 7438 
  0x00007efd6162bd20: 49f7 c502 | 0000 0075 | 2f48 817a | 0800 0000 | 0074 2148 | 817a 0801 | 0000 0074 | 174c 336a 
  0x00007efd6162bd40: 0849 f7c5 | fcff ffff | 740e 4881 | 4a08 0200 | 0000 eb04 | 4c89 6a08 | 4883 c210 | 4c8b 6ad8 
  0x00007efd6162bd60: 4183 ed04 | 41c1 e503 | 4903 d548 | 8955 d84c | 8d6c 2408 | 4c89 6df0 | ff63 480f | 1f44 0000 
[/MachCode]

---------------  P R O C E S S  ---------------

Threads class SMR info:
_java_thread_list=0x00007efd300020f0, length=13, elements={
0x00007efd7402a840, 0x00007efd74179fc0, 0x00007efd7417bc10, 0x00007efd74193820,
0x00007efd74194f30, 0x00007efd74196860, 0x00007efd74198090, 0x00007efd74199740,
0x00007efd7421eb40, 0x00007efd74232240, 0x00007efd7445fdf0, 0x00007efd2810fb30,
0x00007efd30000e60
}

Java Threads: ( => current thread )
=>0x00007efd7402a840 JavaThread "main" [_thread_in_Java, id=20125, stack(0x00007efd7962c000,0x00007efd7972d000)]
  0x00007efd74179fc0 JavaThread "Reference Handler" daemon [_thread_blocked, id=20132, stack(0x00007efd5c79a000,0x00007efd5c89b000)]
  0x00007efd7417bc10 JavaThread "Finalizer" daemon [_thread_blocked, id=20133, stack(0x00007efd5c699000,0x00007efd5c79a000)]
  0x00007efd74193820 JavaThread "Signal Dispatcher" daemon [_thread_blocked, id=20134, stack(0x00007efd5c598000,0x00007efd5c699000)]
  0x00007efd74194f30 JavaThread "Service Thread" daemon [_thread_blocked, id=20135, stack(0x00007efd5c497000,0x00007efd5c598000)]
  0x00007efd74196860 JavaThread "C2 CompilerThread0" daemon [_thread_blocked, id=20136, stack(0x00007efd5c396000,0x00007efd5c497000)]
  0x00007efd74198090 JavaThread "C1 CompilerThread0" daemon [_thread_blocked, id=20137, stack(0x00007efd5c295000,0x00007efd5c396000)]
  0x00007efd74199740 JavaThread "Sweeper thread" daemon [_thread_blocked, id=20138, stack(0x00007efd5c194000,0x00007efd5c295000)]
  0x00007efd7421eb40 JavaThread "Notification Thread" daemon [_thread_blocked, id=20140, stack(0x00007efd5c093000,0x00007efd5c194000)]
  0x00007efd74232240 JavaThread "Common-Cleaner" daemon [_thread_blocked, id=20142, stack(0x00007efd4d01f000,0x00007efd4d120000)]
  0x00007efd7445fdf0 JavaThread "ReaderThread" [_thread_in_native, id=20143, stack(0x00007efd4cd1b000,0x00007efd4ce1c000)]
  0x00007efd2810fb30 JavaThread "C2 CompilerThread1" daemon [_thread_in_native, id=20144, stack(0x00007efd4cc1a000,0x00007efd4cd1b000)]
  0x00007efd30000e60 JavaThread "Attach Listener" daemon [_thread_blocked, id=20148, stack(0x00007efd4c213000,0x00007efd4c314000)]

Other Threads:
  0x00007efd7415fcb0 VMThread "VM Thread" [stack: 0x00007efd5c89d000,0x00007efd5c99d000] [id=20131]
  0x00007efd74183ce0 WatcherThread [stack: 0x00007efd4d122000,0x00007efd4d222000] [id=20141]
  0x00007efd74068d40 GCTaskThread "GC Thread#0" [stack: 0x00007efd7830a000,0x00007efd7840a000] [id=20126]
  0x00007efd44000f20 GCTaskThread "GC Thread#1" [stack: 0x00007efd4cb1a000,0x00007efd4cc1a000] [id=20145]
  0x00007efd44001c80 GCTaskThread "GC Thread#2" [stack: 0x00007efd4ca18000,0x00007efd4cb18000] [id=20146]
  0x00007efd44002e00 GCTaskThread "GC Thread#3" [stack: 0x00007efd4c916000,0x00007efd4ca16000] [id=20147]
  0x00007efd74079ea0 ConcurrentGCThread "G1 Main Marker" [stack: 0x00007efd78208000,0x00007efd78308000] [id=20127]
  0x00007efd7407b130 ConcurrentGCThread "G1 Conc#0" [stack: 0x00007efd78106000,0x00007efd78206000] [id=20128]
  0x00007efd740e0ac0 ConcurrentGCThread "G1 Refine#0" [stack: 0x00007efd5d40c000,0x00007efd5d50c000] [id=20129]
  0x00007efd740e1cd0 ConcurrentGCThread "G1 Young RemSet Sampling" [stack: 0x00007efd5d30a000,0x00007efd5d40a000] [id=20130]

Threads with active compile tasks:
C2 CompilerThread1     2061 1826       4       org.springframework.boot.context.properties.source.ConfigurationPropertyName$ElementsParser::parse (234 bytes)

VM state: not at safepoint (normal execution)

VM Mutex/Monitor currently owned by a thread: None

Heap address: 0x0000000084000000, size: 1984 MB, Compressed Oops mode: 32-bit
CDS disabled.
Compressed class space mapped at: 0x0000000100000000-0x0000000140000000, size: 1073741824
Narrow klass base: 0x0000000000000000, Narrow klass shift: 3, Narrow klass range: 0x140000000

GC Precious Log:
 CPUs: 4 total, 4 available
 Memory: 7935M
 Large Page Support: Disabled
 NUMA Support: Disabled
 Compressed Oops: Enabled (32-bit)
 Heap Region Size: 1M
 Heap Min Capacity: 8M
 Heap Initial Capacity: 124M
 Heap Max Capacity: 1984M
 Pre-touch: Disabled
 Parallel Workers: 4
 Concurrent Workers: 1
 Concurrent Refinement Workers: 4
 Periodic GC: Disabled

Heap:
 garbage-first heap   total 126976K, used 13756K [0x0000000084000000, 0x0000000100000000)
  region size 1024K, 8 young (8192K), 3 survivors (3072K)
 Metaspace       used 20734K, capacity 20904K, committed 21248K, reserved 1069056K
  class space    used 2140K, capacity 2185K, committed 2304K, reserved 1048576K

Heap Regions: E=young(eden), S=young(survivor), O=old, HS=humongous(starts), HC=humongous(continues), CS=collection set, F=free, OA=open archive, CA=closed archive, TAMS=top-at-mark-start (previous, next)
|   0|0x0000000084000000, 0x0000000084100000, 0x0000000084100000|100%|HS|  |TAMS 0x0000000084000000, 0x0000000084000000| Complete 
|   1|0x0000000084100000, 0x0000000084200000, 0x0000000084200000|100%| O|  |TAMS 0x0000000084100000, 0x0000000084100000| Untracked 
|   2|0x0000000084200000, 0x0000000084300000, 0x0000000084300000|100%| O|  |TAMS 0x0000000084200000, 0x0000000084200000| Untracked 
|   3|0x0000000084300000, 0x0000000084400000, 0x0000000084400000|100%| O|  |TAMS 0x0000000084300000, 0x0000000084300000| Untracked 
|   4|0x0000000084400000, 0x0000000084500000, 0x0000000084500000|100%| O|  |TAMS 0x0000000084400000, 0x0000000084400000| Untracked 
|   5|0x0000000084500000, 0x0000000084600000, 0x0000000084600000|100%| O|  |TAMS 0x0000000084500000, 0x0000000084500000| Untracked 
|   6|0x0000000084600000, 0x0000000084677800, 0x0000000084700000| 46%| O|  |TAMS 0x0000000084600000, 0x0000000084600000| Untracked 
|   7|0x0000000084700000, 0x0000000084700000, 0x0000000084800000|  0%| F|  |TAMS 0x0000000084700000, 0x0000000084700000| Untracked 
|   8|0x0000000084800000, 0x0000000084800000, 0x0000000084900000|  0%| F|  |TAMS 0x0000000084800000, 0x0000000084800000| Untracked 
|   9|0x0000000084900000, 0x0000000084900000, 0x0000000084a00000|  0%| F|  |TAMS 0x0000000084900000, 0x0000000084900000| Untracked 
|  10|0x0000000084a00000, 0x0000000084a00000, 0x0000000084b00000|  0%| F|  |TAMS 0x0000000084a00000, 0x0000000084a00000| Untracked 
|  11|0x0000000084b00000, 0x0000000084b00000, 0x0000000084c00000|  0%| F|  |TAMS 0x0000000084b00000, 0x0000000084b00000| Untracked 
|  12|0x0000000084c00000, 0x0000000084c00000, 0x0000000084d00000|  0%| F|  |TAMS 0x0000000084c00000, 0x0000000084c00000| Untracked 
|  13|0x0000000084d00000, 0x0000000084d00000, 0x0000000084e00000|  0%| F|  |TAMS 0x0000000084d00000, 0x0000000084d00000| Untracked 
|  14|0x0000000084e00000, 0x0000000084e00000, 0x0000000084f00000|  0%| F|  |TAMS 0x0000000084e00000, 0x0000000084e00000| Untracked 
|  15|0x0000000084f00000, 0x0000000084f00000, 0x0000000085000000|  0%| F|  |TAMS 0x0000000084f00000, 0x0000000084f00000| Untracked 
|  16|0x0000000085000000, 0x0000000085000000, 0x0000000085100000|  0%| F|  |TAMS 0x0000000085000000, 0x0000000085000000| Untracked 
|  17|0x0000000085100000, 0x0000000085100000, 0x0000000085200000|  0%| F|  |TAMS 0x0000000085100000, 0x0000000085100000| Untracked 
|  18|0x0000000085200000, 0x0000000085200000, 0x0000000085300000|  0%| F|  |TAMS 0x0000000085200000, 0x0000000085200000| Untracked 
|  19|0x0000000085300000, 0x0000000085300000, 0x0000000085400000|  0%| F|  |TAMS 0x0000000085300000, 0x0000000085300000| Untracked 
|  20|0x0000000085400000, 0x0000000085400000, 0x0000000085500000|  0%| F|  |TAMS 0x0000000085400000, 0x0000000085400000| Untracked 
|  21|0x0000000085500000, 0x0000000085500000, 0x0000000085600000|  0%| F|  |TAMS 0x0000000085500000, 0x0000000085500000| Untracked 
|  22|0x0000000085600000, 0x0000000085600000, 0x0000000085700000|  0%| F|  |TAMS 0x0000000085600000, 0x0000000085600000| Untracked 
|  23|0x0000000085700000, 0x0000000085700000, 0x0000000085800000|  0%| F|  |TAMS 0x0000000085700000, 0x0000000085700000| Untracked 
|  24|0x0000000085800000, 0x0000000085800000, 0x0000000085900000|  0%| F|  |TAMS 0x0000000085800000, 0x0000000085800000| Untracked 
|  25|0x0000000085900000, 0x0000000085900000, 0x0000000085a00000|  0%| F|  |TAMS 0x0000000085900000, 0x0000000085900000| Untracked 
|  26|0x0000000085a00000, 0x0000000085a00000, 0x0000000085b00000|  0%| F|  |TAMS 0x0000000085a00000, 0x0000000085a00000| Untracked 
|  27|0x0000000085b00000, 0x0000000085b00000, 0x0000000085c00000|  0%| F|  |TAMS 0x0000000085b00000, 0x0000000085b00000| Untracked 
|  28|0x0000000085c00000, 0x0000000085c00000, 0x0000000085d00000|  0%| F|  |TAMS 0x0000000085c00000, 0x0000000085c00000| Untracked 
|  29|0x0000000085d00000, 0x0000000085d00000, 0x0000000085e00000|  0%| F|  |TAMS 0x0000000085d00000, 0x0000000085d00000| Untracked 
|  30|0x0000000085e00000, 0x0000000085e00000, 0x0000000085f00000|  0%| F|  |TAMS 0x0000000085e00000, 0x0000000085e00000| Untracked 
|  31|0x0000000085f00000, 0x0000000085f00000, 0x0000000086000000|  0%| F|  |TAMS 0x0000000085f00000, 0x0000000085f00000| Untracked 
|  32|0x0000000086000000, 0x0000000086000000, 0x0000000086100000|  0%| F|  |TAMS 0x0000000086000000, 0x0000000086000000| Untracked 
|  33|0x0000000086100000, 0x0000000086100000, 0x0000000086200000|  0%| F|  |TAMS 0x0000000086100000, 0x0000000086100000| Untracked 
|  34|0x0000000086200000, 0x0000000086200000, 0x0000000086300000|  0%| F|  |TAMS 0x0000000086200000, 0x0000000086200000| Untracked 
|  35|0x0000000086300000, 0x0000000086300000, 0x0000000086400000|  0%| F|  |TAMS 0x0000000086300000, 0x0000000086300000| Untracked 
|  36|0x0000000086400000, 0x0000000086400000, 0x0000000086500000|  0%| F|  |TAMS 0x0000000086400000, 0x0000000086400000| Untracked 
|  37|0x0000000086500000, 0x0000000086500000, 0x0000000086600000|  0%| F|  |TAMS 0x0000000086500000, 0x0000000086500000| Untracked 
|  38|0x0000000086600000, 0x0000000086600000, 0x0000000086700000|  0%| F|  |TAMS 0x0000000086600000, 0x0000000086600000| Untracked 
|  39|0x0000000086700000, 0x0000000086700000, 0x0000000086800000|  0%| F|  |TAMS 0x0000000086700000, 0x0000000086700000| Untracked 
|  40|0x0000000086800000, 0x0000000086800000, 0x0000000086900000|  0%| F|  |TAMS 0x0000000086800000, 0x0000000086800000| Untracked 
|  41|0x0000000086900000, 0x0000000086900000, 0x0000000086a00000|  0%| F|  |TAMS 0x0000000086900000, 0x0000000086900000| Untracked 
|  42|0x0000000086a00000, 0x0000000086a00000, 0x0000000086b00000|  0%| F|  |TAMS 0x0000000086a00000, 0x0000000086a00000| Untracked 
|  43|0x0000000086b00000, 0x0000000086b00000, 0x0000000086c00000|  0%| F|  |TAMS 0x0000000086b00000, 0x0000000086b00000| Untracked 
|  44|0x0000000086c00000, 0x0000000086c00000, 0x0000000086d00000|  0%| F|  |TAMS 0x0000000086c00000, 0x0000000086c00000| Untracked 
|  45|0x0000000086d00000, 0x0000000086d00000, 0x0000000086e00000|  0%| F|  |TAMS 0x0000000086d00000, 0x0000000086d00000| Untracked 
|  46|0x0000000086e00000, 0x0000000086e00000, 0x0000000086f00000|  0%| F|  |TAMS 0x0000000086e00000, 0x0000000086e00000| Untracked 
|  47|0x0000000086f00000, 0x0000000086f00000, 0x0000000087000000|  0%| F|  |TAMS 0x0000000086f00000, 0x0000000086f00000| Untracked 
|  48|0x0000000087000000, 0x0000000087000000, 0x0000000087100000|  0%| F|  |TAMS 0x0000000087000000, 0x0000000087000000| Untracked 
|  49|0x0000000087100000, 0x0000000087100000, 0x0000000087200000|  0%| F|  |TAMS 0x0000000087100000, 0x0000000087100000| Untracked 
|  50|0x0000000087200000, 0x0000000087200000, 0x0000000087300000|  0%| F|  |TAMS 0x0000000087200000, 0x0000000087200000| Untracked 
|  51|0x0000000087300000, 0x0000000087300000, 0x0000000087400000|  0%| F|  |TAMS 0x0000000087300000, 0x0000000087300000| Untracked 
|  52|0x0000000087400000, 0x0000000087400000, 0x0000000087500000|  0%| F|  |TAMS 0x0000000087400000, 0x0000000087400000| Untracked 
|  53|0x0000000087500000, 0x0000000087500000, 0x0000000087600000|  0%| F|  |TAMS 0x0000000087500000, 0x0000000087500000| Untracked 
|  54|0x0000000087600000, 0x0000000087600000, 0x0000000087700000|  0%| F|  |TAMS 0x0000000087600000, 0x0000000087600000| Untracked 
|  55|0x0000000087700000, 0x0000000087700000, 0x0000000087800000|  0%| F|  |TAMS 0x0000000087700000, 0x0000000087700000| Untracked 
|  56|0x0000000087800000, 0x0000000087800000, 0x0000000087900000|  0%| F|  |TAMS 0x0000000087800000, 0x0000000087800000| Untracked 
|  57|0x0000000087900000, 0x0000000087900000, 0x0000000087a00000|  0%| F|  |TAMS 0x0000000087900000, 0x0000000087900000| Untracked 
|  58|0x0000000087a00000, 0x0000000087a00000, 0x0000000087b00000|  0%| F|  |TAMS 0x0000000087a00000, 0x0000000087a00000| Untracked 
|  59|0x0000000087b00000, 0x0000000087b00000, 0x0000000087c00000|  0%| F|  |TAMS 0x0000000087b00000, 0x0000000087b00000| Untracked 
|  60|0x0000000087c00000, 0x0000000087c00000, 0x0000000087d00000|  0%| F|  |TAMS 0x0000000087c00000, 0x0000000087c00000| Untracked 
|  61|0x0000000087d00000, 0x0000000087d00000, 0x0000000087e00000|  0%| F|  |TAMS 0x0000000087d00000, 0x0000000087d00000| Untracked 
|  62|0x0000000087e00000, 0x0000000087e00000, 0x0000000087f00000|  0%| F|  |TAMS 0x0000000087e00000, 0x0000000087e00000| Untracked 
|  63|0x0000000087f00000, 0x0000000087f00000, 0x0000000088000000|  0%| F|  |TAMS 0x0000000087f00000, 0x0000000087f00000| Untracked 
|  64|0x0000000088000000, 0x0000000088000000, 0x0000000088100000|  0%| F|  |TAMS 0x0000000088000000, 0x0000000088000000| Untracked 
|  65|0x0000000088100000, 0x0000000088100000, 0x0000000088200000|  0%| F|  |TAMS 0x0000000088100000, 0x0000000088100000| Untracked 
|  66|0x0000000088200000, 0x0000000088200000, 0x0000000088300000|  0%| F|  |TAMS 0x0000000088200000, 0x0000000088200000| Untracked 
|  67|0x0000000088300000, 0x0000000088300000, 0x0000000088400000|  0%| F|  |TAMS 0x0000000088300000, 0x0000000088300000| Untracked 
|  68|0x0000000088400000, 0x0000000088400000, 0x0000000088500000|  0%| F|  |TAMS 0x0000000088400000, 0x0000000088400000| Untracked 
|  69|0x0000000088500000, 0x0000000088500000, 0x0000000088600000|  0%| F|  |TAMS 0x0000000088500000, 0x0000000088500000| Untracked 
|  70|0x0000000088600000, 0x0000000088600000, 0x0000000088700000|  0%| F|  |TAMS 0x0000000088600000, 0x0000000088600000| Untracked 
|  71|0x0000000088700000, 0x0000000088700000, 0x0000000088800000|  0%| F|  |TAMS 0x0000000088700000, 0x0000000088700000| Untracked 
|  72|0x0000000088800000, 0x0000000088800000, 0x0000000088900000|  0%| F|  |TAMS 0x0000000088800000, 0x0000000088800000| Untracked 
|  73|0x0000000088900000, 0x0000000088900000, 0x0000000088a00000|  0%| F|  |TAMS 0x0000000088900000, 0x0000000088900000| Untracked 
|  74|0x0000000088a00000, 0x0000000088a00000, 0x0000000088b00000|  0%| F|  |TAMS 0x0000000088a00000, 0x0000000088a00000| Untracked 
|  75|0x0000000088b00000, 0x0000000088b00000, 0x0000000088c00000|  0%| F|  |TAMS 0x0000000088b00000, 0x0000000088b00000| Untracked 
|  76|0x0000000088c00000, 0x0000000088c00000, 0x0000000088d00000|  0%| F|  |TAMS 0x0000000088c00000, 0x0000000088c00000| Untracked 
|  77|0x0000000088d00000, 0x0000000088d00000, 0x0000000088e00000|  0%| F|  |TAMS 0x0000000088d00000, 0x0000000088d00000| Untracked 
|  78|0x0000000088e00000, 0x0000000088e00000, 0x0000000088f00000|  0%| F|  |TAMS 0x0000000088e00000, 0x0000000088e00000| Untracked 
|  79|0x0000000088f00000, 0x0000000088f00000, 0x0000000089000000|  0%| F|  |TAMS 0x0000000088f00000, 0x0000000088f00000| Untracked 
|  80|0x0000000089000000, 0x0000000089000000, 0x0000000089100000|  0%| F|  |TAMS 0x0000000089000000, 0x0000000089000000| Untracked 
|  81|0x0000000089100000, 0x0000000089100000, 0x0000000089200000|  0%| F|  |TAMS 0x0000000089100000, 0x0000000089100000| Untracked 
|  82|0x0000000089200000, 0x0000000089200000, 0x0000000089300000|  0%| F|  |TAMS 0x0000000089200000, 0x0000000089200000| Untracked 
|  83|0x0000000089300000, 0x0000000089300000, 0x0000000089400000|  0%| F|  |TAMS 0x0000000089300000, 0x0000000089300000| Untracked 
|  84|0x0000000089400000, 0x0000000089400000, 0x0000000089500000|  0%| F|  |TAMS 0x0000000089400000, 0x0000000089400000| Untracked 
|  85|0x0000000089500000, 0x0000000089500000, 0x0000000089600000|  0%| F|  |TAMS 0x0000000089500000, 0x0000000089500000| Untracked 
|  86|0x0000000089600000, 0x0000000089600000, 0x0000000089700000|  0%| F|  |TAMS 0x0000000089600000, 0x0000000089600000| Untracked 
|  87|0x0000000089700000, 0x0000000089700000, 0x0000000089800000|  0%| F|  |TAMS 0x0000000089700000, 0x0000000089700000| Untracked 
|  88|0x0000000089800000, 0x0000000089800000, 0x0000000089900000|  0%| F|  |TAMS 0x0000000089800000, 0x0000000089800000| Untracked 
|  89|0x0000000089900000, 0x0000000089900000, 0x0000000089a00000|  0%| F|  |TAMS 0x0000000089900000, 0x0000000089900000| Untracked 
|  90|0x0000000089a00000, 0x0000000089a00000, 0x0000000089b00000|  0%| F|  |TAMS 0x0000000089a00000, 0x0000000089a00000| Untracked 
|  91|0x0000000089b00000, 0x0000000089b00000, 0x0000000089c00000|  0%| F|  |TAMS 0x0000000089b00000, 0x0000000089b00000| Untracked 
|  92|0x0000000089c00000, 0x0000000089c00000, 0x0000000089d00000|  0%| F|  |TAMS 0x0000000089c00000, 0x0000000089c00000| Untracked 
|  93|0x0000000089d00000, 0x0000000089d00000, 0x0000000089e00000|  0%| F|  |TAMS 0x0000000089d00000, 0x0000000089d00000| Untracked 
|  94|0x0000000089e00000, 0x0000000089e00000, 0x0000000089f00000|  0%| F|  |TAMS 0x0000000089e00000, 0x0000000089e00000| Untracked 
|  95|0x0000000089f00000, 0x0000000089f00000, 0x000000008a000000|  0%| F|  |TAMS 0x0000000089f00000, 0x0000000089f00000| Untracked 
|  96|0x000000008a000000, 0x000000008a000000, 0x000000008a100000|  0%| F|  |TAMS 0x000000008a000000, 0x000000008a000000| Untracked 
|  97|0x000000008a100000, 0x000000008a100000, 0x000000008a200000|  0%| F|  |TAMS 0x000000008a100000, 0x000000008a100000| Untracked 
|  98|0x000000008a200000, 0x000000008a200000, 0x000000008a300000|  0%| F|  |TAMS 0x000000008a200000, 0x000000008a200000| Untracked 
|  99|0x000000008a300000, 0x000000008a300000, 0x000000008a400000|  0%| F|  |TAMS 0x000000008a300000, 0x000000008a300000| Untracked 
| 100|0x000000008a400000, 0x000000008a4f7980, 0x000000008a500000| 96%| S|CS|TAMS 0x000000008a400000, 0x000000008a400000| Complete 
| 101|0x000000008a500000, 0x000000008a600000, 0x000000008a600000|100%| S|CS|TAMS 0x000000008a500000, 0x000000008a500000| Complete 
| 102|0x000000008a600000, 0x000000008a700000, 0x000000008a700000|100%| S|CS|TAMS 0x000000008a600000, 0x000000008a600000| Complete 
| 103|0x000000008a700000, 0x000000008a700000, 0x000000008a800000|  0%| F|  |TAMS 0x000000008a700000, 0x000000008a700000| Untracked 
| 104|0x000000008a800000, 0x000000008a800000, 0x000000008a900000|  0%| F|  |TAMS 0x000000008a800000, 0x000000008a800000| Untracked 
| 105|0x000000008a900000, 0x000000008a900000, 0x000000008aa00000|  0%| F|  |TAMS 0x000000008a900000, 0x000000008a900000| Untracked 
| 106|0x000000008aa00000, 0x000000008aa00000, 0x000000008ab00000|  0%| F|  |TAMS 0x000000008aa00000, 0x000000008aa00000| Untracked 
| 107|0x000000008ab00000, 0x000000008ab00000, 0x000000008ac00000|  0%| F|  |TAMS 0x000000008ab00000, 0x000000008ab00000| Untracked 
| 108|0x000000008ac00000, 0x000000008ac00000, 0x000000008ad00000|  0%| F|  |TAMS 0x000000008ac00000, 0x000000008ac00000| Untracked 
| 109|0x000000008ad00000, 0x000000008ad00000, 0x000000008ae00000|  0%| F|  |TAMS 0x000000008ad00000, 0x000000008ad00000| Untracked 
| 110|0x000000008ae00000, 0x000000008ae00000, 0x000000008af00000|  0%| F|  |TAMS 0x000000008ae00000, 0x000000008ae00000| Untracked 
| 111|0x000000008af00000, 0x000000008af00000, 0x000000008b000000|  0%| F|  |TAMS 0x000000008af00000, 0x000000008af00000| Untracked 
| 112|0x000000008b000000, 0x000000008b000000, 0x000000008b100000|  0%| F|  |TAMS 0x000000008b000000, 0x000000008b000000| Untracked 
| 113|0x000000008b100000, 0x000000008b100000, 0x000000008b200000|  0%| F|  |TAMS 0x000000008b100000, 0x000000008b100000| Untracked 
| 114|0x000000008b200000, 0x000000008b200000, 0x000000008b300000|  0%| F|  |TAMS 0x000000008b200000, 0x000000008b200000| Untracked 
| 115|0x000000008b300000, 0x000000008b300000, 0x000000008b400000|  0%| F|  |TAMS 0x000000008b300000, 0x000000008b300000| Untracked 
| 116|0x000000008b400000, 0x000000008b400000, 0x000000008b500000|  0%| F|  |TAMS 0x000000008b400000, 0x000000008b400000| Untracked 
| 117|0x000000008b500000, 0x000000008b500000, 0x000000008b600000|  0%| F|  |TAMS 0x000000008b500000, 0x000000008b500000| Untracked 
| 118|0x000000008b600000, 0x000000008b600000, 0x000000008b700000|  0%| F|  |TAMS 0x000000008b600000, 0x000000008b600000| Untracked 
| 119|0x000000008b700000, 0x000000008b800000, 0x000000008b800000|100%| E|  |TAMS 0x000000008b700000, 0x000000008b700000| Complete 
| 120|0x000000008b800000, 0x000000008b900000, 0x000000008b900000|100%| E|CS|TAMS 0x000000008b800000, 0x000000008b800000| Complete 
| 121|0x000000008b900000, 0x000000008ba00000, 0x000000008ba00000|100%| E|CS|TAMS 0x000000008b900000, 0x000000008b900000| Complete 
| 122|0x000000008ba00000, 0x000000008bb00000, 0x000000008bb00000|100%| E|CS|TAMS 0x000000008ba00000, 0x000000008ba00000| Complete 
| 123|0x000000008bb00000, 0x000000008bc00000, 0x000000008bc00000|100%| E|CS|TAMS 0x000000008bb00000, 0x000000008bb00000| Complete 

Card table byte_map: [0x00007efd7882c000,0x00007efd78c0c000] _byte_map_base: 0x00007efd7840c000

Marking Bits (Prev, Next): (CMBitMap*) 0x00007efd74069ae0, (CMBitMap*) 0x00007efd74069b20
 Prev Bits: [0x00007efd5f70f000, 0x00007efd6160f000)
 Next Bits: [0x00007efd5d80f000, 0x00007efd5f70f000)

Polling page: 0x00007efd7ac7c000

Metaspace:

Usage:
  Non-class:     18,28 MB capacity,    18,16 MB (>99%) used,   103,70 KB ( <1%) free+waste,    21,31 KB ( <1%) overhead. 
      Class:      2,13 MB capacity,     2,09 MB ( 98%) used,    37,22 KB (  2%) free+waste,     7,38 KB ( <1%) overhead. 
       Both:     20,41 MB capacity,    20,25 MB (>99%) used,   140,92 KB ( <1%) free+waste,    28,69 KB ( <1%) overhead. 

Virtual space:
  Non-class space:       20,00 MB reserved,      18,50 MB ( 92%) committed 
      Class space:        1,00 GB reserved,       2,25 MB ( <1%) committed 
             Both:        1,02 GB reserved,      20,75 MB (  2%) committed 

Chunk freelists:
   Non-Class:  161,00 KB
       Class:  23,00 KB
        Both:  184,00 KB

MaxMetaspaceSize: 17179869184,00 GB
CompressedClassSpaceSize: 1,00 GB

CodeHeap 'non-profiled nmethods': size=120032Kb used=683Kb max_used=683Kb free=119348Kb
 bounds [0x00007efd690d7000, 0x00007efd69347000, 0x00007efd7060f000]
CodeHeap 'profiled nmethods': size=120028Kb used=3357Kb max_used=3357Kb free=116670Kb
 bounds [0x00007efd61ba0000, 0x00007efd61ef0000, 0x00007efd690d7000]
CodeHeap 'non-nmethods': size=5700Kb used=1175Kb max_used=1215Kb free=4524Kb
 bounds [0x00007efd6160f000, 0x00007efd6187f000, 0x00007efd61ba0000]
 total_blobs=2277 nmethods=1846 adapters=344
 compilation: enabled
              stopped_count=0, restarted_count=0
 full_count=0

Compilation events (20 events):
Event: 2,015 Thread 0x00007efd74198090 nmethod 1834 0x00007efd61edd590 code [0x00007efd61edd740, 0x00007efd61edd990]
Event: 2,015 Thread 0x00007efd74198090 1836       3       java.lang.String::getBytes (12 bytes)
Event: 2,015 Thread 0x00007efd74198090 nmethod 1836 0x00007efd61edda90 code [0x00007efd61eddc40, 0x00007efd61edde00]
Event: 2,016 Thread 0x00007efd74198090 1837       3       java.lang.StringCoding::encode (102 bytes)
Event: 2,017 Thread 0x00007efd74198090 nmethod 1837 0x00007efd61eddf10 code [0x00007efd61ede1c0, 0x00007efd61edee00]
Event: 2,017 Thread 0x00007efd74198090 1839       3       org.springframework.boot.context.config.ConfigDataEnvironmentContributor$ContributorIterator::next (5 bytes)
Event: 2,018 Thread 0x00007efd74198090 nmethod 1839 0x00007efd61edf290 code [0x00007efd61edf440, 0x00007efd61edf710]
Event: 2,018 Thread 0x00007efd74198090 1840       3       org.springframework.boot.context.config.ConfigDataEnvironmentContributor$ContributorIterator::next (24 bytes)
Event: 2,018 Thread 0x00007efd74198090 nmethod 1840 0x00007efd61edf890 code [0x00007efd61edfa40, 0x00007efd61edfcb0]
Event: 2,018 Thread 0x00007efd74198090 1841       1       java.util.stream.ReferencePipeline$StatelessOp::opIsStateful (2 bytes)
Event: 2,018 Thread 0x00007efd74198090 nmethod 1841 0x00007efd69181110 code [0x00007efd691812a0, 0x00007efd69181350]
Event: 2,019 Thread 0x00007efd74198090 1842       3       sun.reflect.generics.reflectiveObjects.ParameterizedTypeImpl::hashCode (24 bytes)
Event: 2,020 Thread 0x00007efd74198090 nmethod 1842 0x00007efd61edfe10 code [0x00007efd61edffe0, 0x00007efd61ee0400]
Event: 2,020 Thread 0x00007efd74198090 1843       1       org.springframework.boot.context.properties.bind.Bindable::getType (5 bytes)
Event: 2,020 Thread 0x00007efd74198090 nmethod 1843 0x00007efd69181410 code [0x00007efd691815a0, 0x00007efd69181650]
Event: 2,020 Thread 0x00007efd74198090 1844       3       java.lang.Byte::hashCode (8 bytes)
Event: 2,020 Thread 0x00007efd74198090 nmethod 1844 0x00007efd61ee0590 code [0x00007efd61ee0720, 0x00007efd61ee0870]
Event: 2,020 Thread 0x00007efd74198090 1845       3       java.lang.Byte::hashCode (2 bytes)
Event: 2,020 Thread 0x00007efd74198090 nmethod 1845 0x00007efd61ee0910 code [0x00007efd61ee0aa0, 0x00007efd61ee0b70]
Event: 2,022 Thread 0x00007efd74198090 1846       3       jdk.internal.org.objectweb.asm.ClassWriter::toByteArray (1515 bytes)

GC Heap History (6 events):
Event: 0,672 GC heap before
{Heap before GC invocations=0 (full 0):
 garbage-first heap   total 126976K, used 13312K [0x0000000084000000, 0x0000000100000000)
  region size 1024K, 13 young (13312K), 0 survivors (0K)
 Metaspace       used 10244K, capacity 10329K, committed 10496K, reserved 1058816K
  class space    used 914K, capacity 950K, committed 1024K, reserved 1048576K
}
Event: 0,677 GC heap after
{Heap after GC invocations=1 (full 0):
 garbage-first heap   total 126976K, used 6529K [0x0000000084000000, 0x0000000100000000)
  region size 1024K, 2 young (2048K), 2 survivors (2048K)
 Metaspace       used 10244K, capacity 10329K, committed 10496K, reserved 1058816K
  class space    used 914K, capacity 950K, committed 1024K, reserved 1048576K
}
Event: 1,164 GC heap before
{Heap before GC invocations=1 (full 0):
 garbage-first heap   total 126976K, used 16769K [0x0000000084000000, 0x0000000100000000)
  region size 1024K, 12 young (12288K), 2 survivors (2048K)
 Metaspace       used 14542K, capacity 14663K, committed 15104K, reserved 1062912K
  class space    used 1383K, capacity 1452K, committed 1536K, reserved 1048576K
}
Event: 1,172 GC heap after
{Heap after GC invocations=2 (full 0):
 garbage-first heap   total 126976K, used 8114K [0x0000000084000000, 0x0000000100000000)
  region size 1024K, 2 young (2048K), 2 survivors (2048K)
 Metaspace       used 14542K, capacity 14663K, committed 15104K, reserved 1062912K
  class space    used 1383K, capacity 1452K, committed 1536K, reserved 1048576K
}
Event: 1,865 GC heap before
{Heap before GC invocations=2 (full 0):
 garbage-first heap   total 126976K, used 27570K [0x0000000084000000, 0x0000000100000000)
  region size 1024K, 21 young (21504K), 2 survivors (2048K)
 Metaspace       used 19870K, capacity 20001K, committed 20352K, reserved 1067008K
  class space    used 2020K, capacity 2076K, committed 2176K, reserved 1048576K
}
Event: 1,871 GC heap after
{Heap after GC invocations=3 (full 0):
 garbage-first heap   total 126976K, used 9660K [0x0000000084000000, 0x0000000100000000)
  region size 1024K, 3 young (3072K), 3 survivors (3072K)
 Metaspace       used 19870K, capacity 20001K, committed 20352K, reserved 1067008K
  class space    used 2020K, capacity 2076K, committed 2176K, reserved 1048576K
}

Deoptimization events (20 events):
Event: 1,337 Thread 0x00007efd7402a840 DEOPT PACKING pc=0x00007efd69105f98 sp=0x00007efd79729c50
Event: 1,337 Thread 0x00007efd7402a840 DEOPT UNPACKING pc=0x00007efd6165d125 sp=0x00007efd79729c08 mode 2
Event: 1,400 Thread 0x00007efd7402a840 Uncommon trap: trap_request=0xffffffc6 fr.pc=0x00007efd691473c0 relative=0x0000000000000f20
Event: 1,401 Thread 0x00007efd7402a840 Uncommon trap: reason=bimorphic_or_optimized_type_check action=maybe_recompile pc=0x00007efd691473c0 method=java.util.HashMap.putVal(ILjava/lang/Object;Ljava/lang/Object;ZZ)Ljava/lang/Object; @ 203 c2
Event: 1,401 Thread 0x00007efd7402a840 DEOPT PACKING pc=0x00007efd691473c0 sp=0x00007efd79729310
Event: 1,401 Thread 0x00007efd7402a840 DEOPT UNPACKING pc=0x00007efd6165d125 sp=0x00007efd797292c0 mode 2
Event: 1,429 Thread 0x00007efd7402a840 Uncommon trap: trap_request=0xffffffc6 fr.pc=0x00007efd691473c0 relative=0x0000000000000f20
Event: 1,429 Thread 0x00007efd7402a840 Uncommon trap: reason=bimorphic_or_optimized_type_check action=maybe_recompile pc=0x00007efd691473c0 method=java.util.HashMap.putVal(ILjava/lang/Object;Ljava/lang/Object;ZZ)Ljava/lang/Object; @ 203 c2
Event: 1,429 Thread 0x00007efd7402a840 DEOPT PACKING pc=0x00007efd691473c0 sp=0x00007efd7972a4f0
Event: 1,429 Thread 0x00007efd7402a840 DEOPT UNPACKING pc=0x00007efd6165d125 sp=0x00007efd7972a4a0 mode 2
Event: 1,481 Thread 0x00007efd30000e60 Uncommon trap: trap_request=0xffffff45 fr.pc=0x00007efd6912c1a8 relative=0x0000000000000d88
Event: 1,481 Thread 0x00007efd30000e60 Uncommon trap: reason=unstable_if action=reinterpret pc=0x00007efd6912c1a8 method=java.util.concurrent.ConcurrentHashMap.putVal(Ljava/lang/Object;Ljava/lang/Object;Z)Ljava/lang/Object; @ 148 c2
Event: 1,481 Thread 0x00007efd30000e60 DEOPT PACKING pc=0x00007efd6912c1a8 sp=0x00007efd4c311a00
Event: 1,481 Thread 0x00007efd30000e60 DEOPT UNPACKING pc=0x00007efd6165d125 sp=0x00007efd4c311980 mode 2
Event: 1,828 Thread 0x00007efd7402a840 Uncommon trap: trap_request=0xffffff45 fr.pc=0x00007efd6914fbb0 relative=0x00000000000000b0
Event: 1,828 Thread 0x00007efd7402a840 Uncommon trap: reason=unstable_if action=reinterpret pc=0x00007efd6914fbb0 method=java.lang.ref.SoftReference.get()Ljava/lang/Object; @ 6 c2
Event: 1,828 Thread 0x00007efd7402a840 DEOPT PACKING pc=0x00007efd6914fbb0 sp=0x00007efd79729c70
Event: 1,828 Thread 0x00007efd7402a840 DEOPT UNPACKING pc=0x00007efd6165d125 sp=0x00007efd79729c28 mode 2
Event: 1,856 Thread 0x00007efd7402a840 DEOPT PACKING pc=0x00007efd61c9abcf sp=0x00007efd79729550
Event: 1,856 Thread 0x00007efd7402a840 DEOPT UNPACKING pc=0x00007efd6165cf2b sp=0x00007efd797289f8 mode 0

Classes unloaded (0 events):
No events

Classes redefined (0 events):
No events

Internal exceptions (20 events):
Event: 1,047 Thread 0x00007efd7402a840 Exception <a 'java/lang/NoSuchMethodError'{0x000000008b477250}: 'java.lang.Object java.lang.invoke.DirectMethodHandle$Holder.invokeVirtual(java.lang.Object, java.lang.Object, java.lang.Object)'> (0x000000008b477250) 
thrown [open/src/hotspot/share/interpreter/linkResolver.cpp, line 781]
Event: 1,102 Thread 0x00007efd7402a840 Exception <a 'java/lang/NoSuchMethodError'{0x000000008b390580}: 'int java.lang.invoke.DirectMethodHandle$Holder.invokeInterface(java.lang.Object, java.lang.Object)'> (0x000000008b390580) 
thrown [open/src/hotspot/share/interpreter/linkResolver.cpp, line 781]
Event: 1,106 Thread 0x00007efd7402a840 Implicit null exception at 0x00007efd691316de to 0x00007efd69132ab0
Event: 1,117 Thread 0x00007efd7402a840 Exception <a 'java/lang/NoSuchMethodError'{0x000000008b3e6908}: 'void java.lang.invoke.DirectMethodHandle$Holder.invokeStatic(java.lang.Object, java.lang.Object, java.lang.Object)'> (0x000000008b3e6908) 
thrown [open/src/hotspot/share/interpreter/linkResolver.cpp, line 781]
Event: 1,186 Thread 0x00007efd7402a840 Exception <a 'java/lang/NoSuchMethodError'{0x000000008bb5b158}: 'java.lang.Object java.lang.invoke.DirectMethodHandle$Holder.invokeSpecialIFC(java.lang.Object, java.lang.Object, java.lang.Object, java.lang.Object)'> (0x000000008bb5b158) 
thrown [open/src/hotspot/share/interpreter/linkResolver.cpp, line 781]
Event: 1,229 Thread 0x00007efd7402a840 Exception <a 'java/lang/NoSuchMethodError'{0x000000008ba88928}: 'void java.lang.invoke.DirectMethodHandle$Holder.invokeSpecial(java.lang.Object, java.lang.Object, java.lang.Object, java.lang.Object, java.lang.Object)'> (0x000000008ba88928) 
thrown [open/src/hotspot/share/interpreter/linkResolver.cpp, line 781]
Event: 1,281 Thread 0x00007efd7402a840 Exception <a 'java/lang/NoSuchMethodError'{0x000000008b9866c8}: 'int java.lang.invoke.DirectMethodHandle$Holder.invokeSpecial(java.lang.Object, java.lang.Object, java.lang.Object)'> (0x000000008b9866c8) 
thrown [open/src/hotspot/share/interpreter/linkResolver.cpp, line 781]
Event: 1,292 Thread 0x00007efd7402a840 Exception <a 'java/lang/NoSuchMethodError'{0x000000008b9c7b78}: 'java.lang.Object java.lang.invoke.Invokers$Holder.invokeExact_MT(java.lang.Object, java.lang.Object, java.lang.Object, java.lang.Object, java.lang.Object, java.lang.Object)'> (0x000000008b9c7b78) 
thrown [open/src/hotspot/share/interpreter/linkResolver.cpp, line 781]
Event: 1,294 Thread 0x00007efd7402a840 Exception <a 'java/lang/NoSuchMethodError'{0x000000008b9d08c0}: 'void java.lang.invoke.DirectMethodHandle$Holder.invokeStatic(java.lang.Object, java.lang.Object, java.lang.Object, java.lang.Object)'> (0x000000008b9d08c0) 
thrown [open/src/hotspot/share/interpreter/linkResolver.cpp, line 781]
Event: 1,296 Thread 0x00007efd7402a840 Exception <a 'java/lang/NoSuchMethodError'{0x000000008b9d8b90}: 'void java.lang.invoke.DirectMethodHandle$Holder.invokeInterface(java.lang.Object, java.lang.Object, java.lang.Object)'> (0x000000008b9d8b90) 
thrown [open/src/hotspot/share/interpreter/linkResolver.cpp, line 781]
Event: 1,569 Thread 0x00007efd7402a840 Exception <a 'java/lang/NoSuchMethodError'{0x000000008ae34690}: 'int java.lang.invoke.DirectMethodHandle$Holder.invokeVirtual(java.lang.Object, java.lang.Object, java.lang.Object)'> (0x000000008ae34690) 
thrown [open/src/hotspot/share/interpreter/linkResolver.cpp, line 781]
Event: 1,801 Thread 0x00007efd7402a840 Exception <a 'java/lang/NoSuchMethodError'{0x000000008a9dec20}: 'java.lang.Object java.lang.invoke.DirectMethodHandle$Holder.invokeInterface(java.lang.Object, java.lang.Object, java.lang.Object)'> (0x000000008a9dec20) 
thrown [open/src/hotspot/share/interpreter/linkResolver.cpp, line 781]
Event: 1,802 Thread 0x00007efd7402a840 Exception <a 'java/lang/IncompatibleClassChangeError'{0x000000008a9e2760}: Found class java.lang.Object, but interface was expected> (0x000000008a9e2760) 
thrown [open/src/hotspot/share/interpreter/linkResolver.cpp, line 848]
Event: 1,835 Thread 0x00007efd7402a840 Exception <a 'java/lang/NoSuchMethodError'{0x000000008a8d96e0}: 'int java.lang.invoke.DirectMethodHandle$Holder.invokeSpecial(java.lang.Object, java.lang.Object, java.lang.Object, java.lang.Object)'> (0x000000008a8d96e0) 
thrown [open/src/hotspot/share/interpreter/linkResolver.cpp, line 781]
Event: 1,892 Thread 0x00007efd7402a840 Exception <a 'java/lang/NoSuchMethodError'{0x000000008bb7c150}: 'java.lang.Object java.lang.invoke.DirectMethodHandle$Holder.newInvokeSpecial(java.lang.Object, java.lang.Object, java.lang.Object, java.lang.Object, java.lang.Object, java.lang.Object)'> (0x000000008bb7c150) 
thrown [open/src/hotspot/share/interpreter/linkResolver.cpp, line 781]
Event: 1,914 Thread 0x00007efd7402a840 Exception <a 'java/lang/NoSuchMethodError'{0x000000008ba7b3e8}: 'java.lang.Object java.lang.invoke.DirectMethodHandle$Holder.newInvokeSpecial(java.lang.Object, java.lang.Object, java.lang.Object, java.lang.Object, java.lang.Object, java.lang.Object, int)'> (0x000000008ba7b3e8) 
thrown [open/src/hotspot/share/interpreter/linkResolver.cpp, line 781]
Event: 1,985 Thread 0x00007efd7402a840 Exception <a 'java/lang/NoSuchMethodError'{0x000000008b8b6b38}: 'java.lang.Object java.lang.invoke.DirectMethodHandle$Holder.invokeSpecial(java.lang.Object, java.lang.Object, java.lang.Object, int, java.lang.Object)'> (0x000000008b8b6b38) 
thrown [open/src/hotspot/share/interpreter/linkResolver.cpp, line 781]
Event: 1,986 Thread 0x00007efd7402a840 Exception <a 'java/lang/NoSuchMethodError'{0x000000008b8bfe18}: 'java.lang.Object java.lang.invoke.DirectMethodHandle$Holder.newInvokeSpecial(java.lang.Object, java.lang.Object, java.lang.Object, int, java.lang.Object)'> (0x000000008b8bfe18) 
thrown [open/src/hotspot/share/interpreter/linkResolver.cpp, line 781]
Event: 1,989 Thread 0x00007efd7402a840 Exception <a 'java/lang/NoSuchMethodError'{0x000000008b8d8140}: 'java.lang.Object java.lang.invoke.DirectMethodHandle$Holder.newInvokeSpecial(java.lang.Object, int, java.lang.Object)'> (0x000000008b8d8140) 
thrown [open/src/hotspot/share/interpreter/linkResolver.cpp, line 781]
Event: 1,990 Thread 0x00007efd7402a840 Exception <a 'java/lang/NoSuchMethodError'{0x000000008b8dd2f0}: 'int java.lang.invoke.DirectMethodHandle$Holder.invokeSpecialIFC(java.lang.Object, java.lang.Object, java.lang.Object, java.lang.Object)'> (0x000000008b8dd2f0) 
thrown [open/src/hotspot/share/interpreter/linkResolver.cpp, line 781]

Events (20 events):
Event: 1,965 loading class sun/net/ProgressMonitor
Event: 1,965 loading class sun/net/ProgressMonitor done
Event: 1,965 loading class sun/net/DefaultProgressMeteringPolicy
Event: 1,965 loading class sun/net/ProgressMeteringPolicy
Event: 1,965 loading class sun/net/ProgressMeteringPolicy done
Event: 1,965 loading class sun/net/DefaultProgressMeteringPolicy done
Event: 1,965 loading class sun/nio/cs/ISO_8859_1$Decoder
Event: 1,965 loading class sun/nio/cs/ISO_8859_1$Decoder done
Event: 1,979 loading class sun/reflect/generics/scope/ConstructorScope
Event: 1,979 loading class sun/reflect/generics/scope/ConstructorScope done
Event: 1,979 loading class sun/reflect/generics/repository/ConstructorRepository
Event: 1,979 loading class sun/reflect/generics/repository/ConstructorRepository done
Event: 1,979 loading class sun/reflect/generics/tree/VoidDescriptor
Event: 1,979 loading class sun/reflect/generics/tree/VoidDescriptor done
Event: 1,979 loading class sun/reflect/generics/tree/MethodTypeSignature
Event: 1,979 loading class sun/reflect/generics/tree/MethodTypeSignature done
Event: 1,991 loading class java/util/Spliterators$IteratorSpliterator
Event: 1,991 loading class java/util/Spliterators$IteratorSpliterator done
Event: 2,010 loading class java/util/stream/MatchOps$1MatchSink
Event: 2,010 loading class java/util/stream/MatchOps$1MatchSink done


Dynamic libraries:
84000000-8bc00000 rw-p 00000000 00:00 0 
8bc00000-100000000 ---p 00000000 00:00 0 
100000000-100240000 rw-p 00000000 00:00 0 
100240000-140000000 ---p 00000000 00:00 0 
5654ff282000-5654ff283000 r-xp 00000000 08:05 14026875                   /home/corin/Documents/spring-tool-suite-4-4.10.0.RELEASE-e4.19.0-linux.gtk.x86_64/sts-4.10.0.RELEASE/plugins/org.eclipse.justj.openjdk.hotspot.jre.full.linux.x86_64_15.0.2.v20210201-0955/jre/bin/java
5654ff284000-5654ff285000 r--p 00001000 08:05 14026875                   /home/corin/Documents/spring-tool-suite-4-4.10.0.RELEASE-e4.19.0-linux.gtk.x86_64/sts-4.10.0.RELEASE/plugins/org.eclipse.justj.openjdk.hotspot.jre.full.linux.x86_64_15.0.2.v20210201-0955/jre/bin/java
5654ff285000-5654ff286000 rw-p 00002000 08:05 14026875                   /home/corin/Documents/spring-tool-suite-4-4.10.0.RELEASE-e4.19.0-linux.gtk.x86_64/sts-4.10.0.RELEASE/plugins/org.eclipse.justj.openjdk.hotspot.jre.full.linux.x86_64_15.0.2.v20210201-0955/jre/bin/java
56550026a000-56550028b000 rw-p 00000000 00:00 0                          [heap]
7efcffbc7000-7efcffe80000 rw-p 00000000 00:00 0 
7efcffe80000-7efd00000000 ---p 00000000 00:00 0 
7efd00000000-7efd00021000 rw-p 00000000 00:00 0 
7efd00021000-7efd04000000 ---p 00000000 00:00 0 
7efd04000000-7efd04032000 rw-p 00000000 00:00 0 
7efd04032000-7efd08000000 ---p 00000000 00:00 0 
7efd08000000-7efd08021000 rw-p 00000000 00:00 0 
7efd08021000-7efd0c000000 ---p 00000000 00:00 0 
7efd0c000000-7efd0c021000 rw-p 00000000 00:00 0 
7efd0c021000-7efd10000000 ---p 00000000 00:00 0 
7efd10000000-7efd10021000 rw-p 00000000 00:00 0 
7efd10021000-7efd14000000 ---p 00000000 00:00 0 
7efd14000000-7efd14d99000 rw-p 00000000 00:00 0 
7efd14d99000-7efd18000000 ---p 00000000 00:00 0 
7efd18000000-7efd18021000 rw-p 00000000 00:00 0 
7efd18021000-7efd1c000000 ---p 00000000 00:00 0 
7efd1c000000-7efd1c021000 rw-p 00000000 00:00 0 
7efd1c021000-7efd20000000 ---p 00000000 00:00 0 
7efd20000000-7efd20021000 rw-p 00000000 00:00 0 
7efd20021000-7efd24000000 ---p 00000000 00:00 0 
7efd24000000-7efd24021000 rw-p 00000000 00:00 0 
7efd24021000-7efd28000000 ---p 00000000 00:00 0 
7efd28000000-7efd28945000 rw-p 00000000 00:00 0 
7efd28945000-7efd2c000000 ---p 00000000 00:00 0 
7efd2c000000-7efd2c53a000 rw-p 00000000 00:00 0 
7efd2c53a000-7efd30000000 ---p 00000000 00:00 0 
7efd30000000-7efd30021000 rw-p 00000000 00:00 0 
7efd30021000-7efd34000000 ---p 00000000 00:00 0 
7efd34000000-7efd34021000 rw-p 00000000 00:00 0 
7efd34021000-7efd38000000 ---p 00000000 00:00 0 
7efd38000000-7efd38021000 rw-p 00000000 00:00 0 
7efd38021000-7efd3c000000 ---p 00000000 00:00 0 
7efd3c000000-7efd3c021000 rw-p 00000000 00:00 0 
7efd3c021000-7efd40000000 ---p 00000000 00:00 0 
7efd40000000-7efd40021000 rw-p 00000000 00:00 0 
7efd40021000-7efd44000000 ---p 00000000 00:00 0 
7efd44000000-7efd44021000 rw-p 00000000 00:00 0 
7efd44021000-7efd48000000 ---p 00000000 00:00 0 
7efd48000000-7efd48021000 rw-p 00000000 00:00 0 
7efd48021000-7efd4c000000 ---p 00000000 00:00 0 
7efd4c010000-7efd4c210000 rw-p 00000000 00:00 0 
7efd4c213000-7efd4c217000 ---p 00000000 00:00 0 
7efd4c217000-7efd4c514000 rw-p 00000000 00:00 0 
7efd4c514000-7efd4c714000 rw-p 00000000 00:00 0 
7efd4c714000-7efd4c914000 rw-p 00000000 00:00 0 
7efd4c914000-7efd4c915000 ---p 00000000 00:00 0 
7efd4c915000-7efd4ca16000 rw-p 00000000 00:00 0 
7efd4ca16000-7efd4ca17000 ---p 00000000 00:00 0 
7efd4ca17000-7efd4cb18000 rw-p 00000000 00:00 0 
7efd4cb18000-7efd4cb19000 ---p 00000000 00:00 0 
7efd4cb19000-7efd4cc1a000 rw-p 00000000 00:00 0 
7efd4cc1a000-7efd4cc1e000 ---p 00000000 00:00 0 
7efd4cc1e000-7efd4cd1b000 rw-p 00000000 00:00 0 
7efd4cd1b000-7efd4cd1f000 ---p 00000000 00:00 0 
7efd4cd1f000-7efd4d01c000 rw-p 00000000 00:00 0 
7efd4d01f000-7efd4d023000 ---p 00000000 00:00 0 
7efd4d023000-7efd4d120000 rw-p 00000000 00:00 0 
7efd4d120000-7efd4d121000 ---p 00000000 00:00 0 
7efd4d121000-7efd4d222000 rw-p 00000000 00:00 0 
7efd4d222000-7efd4e000000 r--p 00000000 08:05 26220944                   /usr/lib/locale/locale-archive
7efd4e000000-7efd50000000 rw-p 00000000 00:00 0 
7efd50000000-7efd50021000 rw-p 00000000 00:00 0 
7efd50021000-7efd54000000 ---p 00000000 00:00 0 
7efd54000000-7efd54021000 rw-p 00000000 00:00 0 
7efd54021000-7efd58000000 ---p 00000000 00:00 0 
7efd58000000-7efd58021000 rw-p 00000000 00:00 0 
7efd58021000-7efd5c000000 ---p 00000000 00:00 0 
7efd5c023000-7efd5c025000 r-xp 00000000 08:05 14026942                   /home/corin/Documents/spring-tool-suite-4-4.10.0.RELEASE-e4.19.0-linux.gtk.x86_64/sts-4.10.0.RELEASE/plugins/org.eclipse.justj.openjdk.hotspot.jre.full.linux.x86_64_15.0.2.v20210201-0955/jre/lib/libextnet.so
7efd5c025000-7efd5c026000 r--p 00001000 08:05 14026942                   /home/corin/Documents/spring-tool-suite-4-4.10.0.RELEASE-e4.19.0-linux.gtk.x86_64/sts-4.10.0.RELEASE/plugins/org.eclipse.justj.openjdk.hotspot.jre.full.linux.x86_64_15.0.2.v20210201-0955/jre/lib/libextnet.so
7efd5c026000-7efd5c027000 rw-p 00002000 08:05 14026942                   /home/corin/Documents/spring-tool-suite-4-4.10.0.RELEASE-e4.19.0-linux.gtk.x86_64/sts-4.10.0.RELEASE/plugins/org.eclipse.justj.openjdk.hotspot.jre.full.linux.x86_64_15.0.2.v20210201-0955/jre/lib/libextnet.so
7efd5c027000-7efd5c034000 r-xp 00000000 08:05 14026907                   /home/corin/Documents/spring-tool-suite-4-4.10.0.RELEASE-e4.19.0-linux.gtk.x86_64/sts-4.10.0.RELEASE/plugins/org.eclipse.justj.openjdk.hotspot.jre.full.linux.x86_64_15.0.2.v20210201-0955/jre/lib/libverify.so
7efd5c034000-7efd5c036000 r--p 0000c000 08:05 14026907                   /home/corin/Documents/spring-tool-suite-4-4.10.0.RELEASE-e4.19.0-linux.gtk.x86_64/sts-4.10.0.RELEASE/plugins/org.eclipse.justj.openjdk.hotspot.jre.full.linux.x86_64_15.0.2.v20210201-0955/jre/lib/libverify.so
7efd5c036000-7efd5c037000 rw-p 0000e000 08:05 14026907                   /home/corin/Documents/spring-tool-suite-4-4.10.0.RELEASE-e4.19.0-linux.gtk.x86_64/sts-4.10.0.RELEASE/plugins/org.eclipse.justj.openjdk.hotspot.jre.full.linux.x86_64_15.0.2.v20210201-0955/jre/lib/libverify.so
7efd5c037000-7efd5c068000 rw-p 00000000 00:00 0 
7efd5c068000-7efd5c07d000 r-xp 00000000 08:05 14026940                   /home/corin/Documents/spring-tool-suite-4-4.10.0.RELEASE-e4.19.0-linux.gtk.x86_64/sts-4.10.0.RELEASE/plugins/org.eclipse.justj.openjdk.hotspot.jre.full.linux.x86_64_15.0.2.v20210201-0955/jre/lib/libnet.so
7efd5c07d000-7efd5c07e000 r--p 00014000 08:05 14026940                   /home/corin/Documents/spring-tool-suite-4-4.10.0.RELEASE-e4.19.0-linux.gtk.x86_64/sts-4.10.0.RELEASE/plugins/org.eclipse.justj.openjdk.hotspot.jre.full.linux.x86_64_15.0.2.v20210201-0955/jre/lib/libnet.so
7efd5c07e000-7efd5c07f000 rw-p 00015000 08:05 14026940                   /home/corin/Documents/spring-tool-suite-4-4.10.0.RELEASE-e4.19.0-linux.gtk.x86_64/sts-4.10.0.RELEASE/plugins/org.eclipse.justj.openjdk.hotspot.jre.full.linux.x86_64_15.0.2.v20210201-0955/jre/lib/libnet.so
7efd5c07f000-7efd5c091000 r-xp 00000000 08:05 14026949                   /home/corin/Documents/spring-tool-suite-4-4.10.0.RELEASE-e4.19.0-linux.gtk.x86_64/sts-4.10.0.RELEASE/plugins/org.eclipse.justj.openjdk.hotspot.jre.full.linux.x86_64_15.0.2.v20210201-0955/jre/lib/libnio.so
7efd5c091000-7efd5c092000 r--p 00011000 08:05 14026949                   /home/corin/Documents/spring-tool-suite-4-4.10.0.RELEASE-e4.19.0-linux.gtk.x86_64/sts-4.10.0.RELEASE/plugins/org.eclipse.justj.openjdk.hotspot.jre.full.linux.x86_64_15.0.2.v20210201-0955/jre/lib/libnio.so
7efd5c092000-7efd5c093000 rw-p 00012000 08:05 14026949                   /home/corin/Documents/spring-tool-suite-4-4.10.0.RELEASE-e4.19.0-linux.gtk.x86_64/sts-4.10.0.RELEASE/plugins/org.eclipse.justj.openjdk.hotspot.jre.full.linux.x86_64_15.0.2.v20210201-0955/jre/lib/libnio.so
7efd5c093000-7efd5c097000 ---p 00000000 00:00 0 
7efd5c097000-7efd5c194000 rw-p 00000000 00:00 0 
7efd5c194000-7efd5c198000 ---p 00000000 00:00 0 
7efd5c198000-7efd5c295000 rw-p 00000000 00:00 0 
7efd5c295000-7efd5c299000 ---p 00000000 00:00 0 
7efd5c299000-7efd5c396000 rw-p 00000000 00:00 0 
7efd5c396000-7efd5c39a000 ---p 00000000 00:00 0 
7efd5c39a000-7efd5c497000 rw-p 00000000 00:00 0 
7efd5c497000-7efd5c49b000 ---p 00000000 00:00 0 
7efd5c49b000-7efd5c598000 rw-p 00000000 00:00 0 
7efd5c598000-7efd5c59c000 ---p 00000000 00:00 0 
7efd5c59c000-7efd5c699000 rw-p 00000000 00:00 0 
7efd5c699000-7efd5c69d000 ---p 00000000 00:00 0 
7efd5c69d000-7efd5c79a000 rw-p 00000000 00:00 0 
7efd5c79a000-7efd5c79e000 ---p 00000000 00:00 0 
7efd5c79e000-7efd5c89b000 rw-p 00000000 00:00 0 
7efd5c89b000-7efd5c89c000 ---p 00000000 00:00 0 
7efd5c89c000-7efd5c99d000 rw-p 00000000 00:00 0 
7efd5c99d000-7efd5c9a4000 r-xp 00000000 08:05 14026930                   /home/corin/Documents/spring-tool-suite-4-4.10.0.RELEASE-e4.19.0-linux.gtk.x86_64/sts-4.10.0.RELEASE/plugins/org.eclipse.justj.openjdk.hotspot.jre.full.linux.x86_64_15.0.2.v20210201-0955/jre/lib/libzip.so
7efd5c9a4000-7efd5c9a5000 ---p 00007000 08:05 14026930                   /home/corin/Documents/spring-tool-suite-4-4.10.0.RELEASE-e4.19.0-linux.gtk.x86_64/sts-4.10.0.RELEASE/plugins/org.eclipse.justj.openjdk.hotspot.jre.full.linux.x86_64_15.0.2.v20210201-0955/jre/lib/libzip.so
7efd5c9a5000-7efd5c9a6000 r--p 00007000 08:05 14026930                   /home/corin/Documents/spring-tool-suite-4-4.10.0.RELEASE-e4.19.0-linux.gtk.x86_64/sts-4.10.0.RELEASE/plugins/org.eclipse.justj.openjdk.hotspot.jre.full.linux.x86_64_15.0.2.v20210201-0955/jre/lib/libzip.so
7efd5c9a6000-7efd5c9a7000 rw-p 00008000 08:05 14026930                   /home/corin/Documents/spring-tool-suite-4-4.10.0.RELEASE-e4.19.0-linux.gtk.x86_64/sts-4.10.0.RELEASE/plugins/org.eclipse.justj.openjdk.hotspot.jre.full.linux.x86_64_15.0.2.v20210201-0955/jre/lib/libzip.so
7efd5c9a7000-7efd5d2c4000 rw-p 00000000 00:00 0 
7efd5d2c6000-7efd5d308000 rw-p 00000000 00:00 0 
7efd5d308000-7efd5d309000 ---p 00000000 00:00 0 
7efd5d309000-7efd5d40a000 rw-p 00000000 00:00 0 
7efd5d40a000-7efd5d40b000 ---p 00000000 00:00 0 
7efd5d40b000-7efd5d9ff000 rw-p 00000000 00:00 0 
7efd5d9ff000-7efd5f70f000 ---p 00000000 00:00 0 
7efd5f70f000-7efd5f8ff000 rw-p 00000000 00:00 0 
7efd5f8ff000-7efd6160f000 ---p 00000000 00:00 0 
7efd6160f000-7efd6187f000 rwxp 00000000 00:00 0 
7efd6187f000-7efd61ba0000 ---p 00000000 00:00 0 
7efd61ba0000-7efd61ef0000 rwxp 00000000 00:00 0 
7efd61ef0000-7efd690d7000 ---p 00000000 00:00 0 
7efd690d7000-7efd69347000 rwxp 00000000 00:00 0 
7efd69347000-7efd7060f000 ---p 00000000 00:00 0 
7efd7060f000-7efd74000000 r--s 00000000 08:05 14026957                   /home/corin/Documents/spring-tool-suite-4-4.10.0.RELEASE-e4.19.0-linux.gtk.x86_64/sts-4.10.0.RELEASE/plugins/org.eclipse.justj.openjdk.hotspot.jre.full.linux.x86_64_15.0.2.v20210201-0955/jre/lib/modules
7efd74000000-7efd74eea000 rw-p 00000000 00:00 0 
7efd74eea000-7efd78000000 ---p 00000000 00:00 0 
7efd78003000-7efd78104000 rw-p 00000000 00:00 0 
7efd78104000-7efd78105000 ---p 00000000 00:00 0 
7efd78105000-7efd78206000 rw-p 00000000 00:00 0 
7efd78206000-7efd78207000 ---p 00000000 00:00 0 
7efd78207000-7efd78308000 rw-p 00000000 00:00 0 
7efd78308000-7efd78309000 ---p 00000000 00:00 0 
7efd78309000-7efd7848a000 rw-p 00000000 00:00 0 
7efd7848a000-7efd7882c000 ---p 00000000 00:00 0 
7efd7882c000-7efd7886a000 rw-p 00000000 00:00 0 
7efd7886a000-7efd78c0c000 ---p 00000000 00:00 0 
7efd78c0c000-7efd78c4a000 rw-p 00000000 00:00 0 
7efd78c4a000-7efd78fec000 ---p 00000000 00:00 0 
7efd78fec000-7efd793f5000 rw-p 00000000 00:00 0 
7efd793f5000-7efd794db000 ---p 00000000 00:00 0 
7efd794db000-7efd794e2000 rw-p 00000000 00:00 0 
7efd794e2000-7efd795c6000 ---p 00000000 00:00 0 
7efd795c6000-7efd795cb000 rw-p 00000000 00:00 0 
7efd795cb000-7efd795d2000 ---p 00000000 00:00 0 
7efd795d2000-7efd795f6000 r-xp 00000000 08:05 14026952                   /home/corin/Documents/spring-tool-suite-4-4.10.0.RELEASE-e4.19.0-linux.gtk.x86_64/sts-4.10.0.RELEASE/plugins/org.eclipse.justj.openjdk.hotspot.jre.full.linux.x86_64_15.0.2.v20210201-0955/jre/lib/libjava.so
7efd795f6000-7efd795f7000 ---p 00024000 08:05 14026952                   /home/corin/Documents/spring-tool-suite-4-4.10.0.RELEASE-e4.19.0-linux.gtk.x86_64/sts-4.10.0.RELEASE/plugins/org.eclipse.justj.openjdk.hotspot.jre.full.linux.x86_64_15.0.2.v20210201-0955/jre/lib/libjava.so
7efd795f7000-7efd795f8000 r--p 00024000 08:05 14026952                   /home/corin/Documents/spring-tool-suite-4-4.10.0.RELEASE-e4.19.0-linux.gtk.x86_64/sts-4.10.0.RELEASE/plugins/org.eclipse.justj.openjdk.hotspot.jre.full.linux.x86_64_15.0.2.v20210201-0955/jre/lib/libjava.so
7efd795f8000-7efd795f9000 rw-p 00025000 08:05 14026952                   /home/corin/Documents/spring-tool-suite-4-4.10.0.RELEASE-e4.19.0-linux.gtk.x86_64/sts-4.10.0.RELEASE/plugins/org.eclipse.justj.openjdk.hotspot.jre.full.linux.x86_64_15.0.2.v20210201-0955/jre/lib/libjava.so
7efd795f9000-7efd795fa000 rw-p 00000000 00:00 0 
7efd795fa000-7efd79602000 rw-s 00000000 08:05 33031212                   /tmp/hsperfdata_corin/20119
7efd79602000-7efd7961e000 r-xp 00000000 08:05 14026939                   /home/corin/Documents/spring-tool-suite-4-4.10.0.RELEASE-e4.19.0-linux.gtk.x86_64/sts-4.10.0.RELEASE/plugins/org.eclipse.justj.openjdk.hotspot.jre.full.linux.x86_64_15.0.2.v20210201-0955/jre/lib/libjimage.so
7efd7961e000-7efd79620000 r--p 0001b000 08:05 14026939                   /home/corin/Documents/spring-tool-suite-4-4.10.0.RELEASE-e4.19.0-linux.gtk.x86_64/sts-4.10.0.RELEASE/plugins/org.eclipse.justj.openjdk.hotspot.jre.full.linux.x86_64_15.0.2.v20210201-0955/jre/lib/libjimage.so
7efd79620000-7efd79621000 rw-p 0001d000 08:05 14026939                   /home/corin/Documents/spring-tool-suite-4-4.10.0.RELEASE-e4.19.0-linux.gtk.x86_64/sts-4.10.0.RELEASE/plugins/org.eclipse.justj.openjdk.hotspot.jre.full.linux.x86_64_15.0.2.v20210201-0955/jre/lib/libjimage.so
7efd79621000-7efd79624000 r--p 00000000 08:05 26222590                   /usr/lib/x86_64-linux-gnu/librt-2.31.so
7efd79624000-7efd79628000 r-xp 00003000 08:05 26222590                   /usr/lib/x86_64-linux-gnu/librt-2.31.so
7efd79628000-7efd79629000 r--p 00007000 08:05 26222590                   /usr/lib/x86_64-linux-gnu/librt-2.31.so
7efd79629000-7efd7962a000 ---p 00008000 08:05 26222590                   /usr/lib/x86_64-linux-gnu/librt-2.31.so
7efd7962a000-7efd7962b000 r--p 00008000 08:05 26222590                   /usr/lib/x86_64-linux-gnu/librt-2.31.so
7efd7962b000-7efd7962c000 rw-p 00009000 08:05 26222590                   /usr/lib/x86_64-linux-gnu/librt-2.31.so
7efd7962c000-7efd79630000 ---p 00000000 00:00 0 
7efd79630000-7efd7972d000 rw-p 00000000 00:00 0 
7efd7972d000-7efd7973c000 r--p 00000000 08:05 26222264                   /usr/lib/x86_64-linux-gnu/libm-2.31.so
7efd7973c000-7efd797e3000 r-xp 0000f000 08:05 26222264                   /usr/lib/x86_64-linux-gnu/libm-2.31.so
7efd797e3000-7efd7987a000 r--p 000b6000 08:05 26222264                   /usr/lib/x86_64-linux-gnu/libm-2.31.so
7efd7987a000-7efd7987b000 r--p 0014c000 08:05 26222264                   /usr/lib/x86_64-linux-gnu/libm-2.31.so
7efd7987b000-7efd7987c000 rw-p 0014d000 08:05 26222264                   /usr/lib/x86_64-linux-gnu/libm-2.31.so
7efd7987c000-7efd7a8c3000 r-xp 00000000 08:05 14026927                   /home/corin/Documents/spring-tool-suite-4-4.10.0.RELEASE-e4.19.0-linux.gtk.x86_64/sts-4.10.0.RELEASE/plugins/org.eclipse.justj.openjdk.hotspot.jre.full.linux.x86_64_15.0.2.v20210201-0955/jre/lib/server/libjvm.so
7efd7a8c3000-7efd7a8c4000 ---p 01047000 08:05 14026927                   /home/corin/Documents/spring-tool-suite-4-4.10.0.RELEASE-e4.19.0-linux.gtk.x86_64/sts-4.10.0.RELEASE/plugins/org.eclipse.justj.openjdk.hotspot.jre.full.linux.x86_64_15.0.2.v20210201-0955/jre/lib/server/libjvm.so
7efd7a8c4000-7efd7a95e000 r--p 01047000 08:05 14026927                   /home/corin/Documents/spring-tool-suite-4-4.10.0.RELEASE-e4.19.0-linux.gtk.x86_64/sts-4.10.0.RELEASE/plugins/org.eclipse.justj.openjdk.hotspot.jre.full.linux.x86_64_15.0.2.v20210201-0955/jre/lib/server/libjvm.so
7efd7a95e000-7efd7a995000 rw-p 010e1000 08:05 14026927                   /home/corin/Documents/spring-tool-suite-4-4.10.0.RELEASE-e4.19.0-linux.gtk.x86_64/sts-4.10.0.RELEASE/plugins/org.eclipse.justj.openjdk.hotspot.jre.full.linux.x86_64_15.0.2.v20210201-0955/jre/lib/server/libjvm.so
7efd7a995000-7efd7aa20000 rw-p 00000000 00:00 0 
7efd7aa20000-7efd7aa45000 r--p 00000000 08:05 26221622                   /usr/lib/x86_64-linux-gnu/libc-2.31.so
7efd7aa45000-7efd7abbd000 r-xp 00025000 08:05 26221622                   /usr/lib/x86_64-linux-gnu/libc-2.31.so
7efd7abbd000-7efd7ac07000 r--p 0019d000 08:05 26221622                   /usr/lib/x86_64-linux-gnu/libc-2.31.so
7efd7ac07000-7efd7ac08000 ---p 001e7000 08:05 26221622                   /usr/lib/x86_64-linux-gnu/libc-2.31.so
7efd7ac08000-7efd7ac0b000 r--p 001e7000 08:05 26221622                   /usr/lib/x86_64-linux-gnu/libc-2.31.so
7efd7ac0b000-7efd7ac0e000 rw-p 001ea000 08:05 26221622                   /usr/lib/x86_64-linux-gnu/libc-2.31.so
7efd7ac0e000-7efd7ac12000 rw-p 00000000 00:00 0 
7efd7ac12000-7efd7ac13000 r--p 00000000 08:05 26221757                   /usr/lib/x86_64-linux-gnu/libdl-2.31.so
7efd7ac13000-7efd7ac15000 r-xp 00001000 08:05 26221757                   /usr/lib/x86_64-linux-gnu/libdl-2.31.so
7efd7ac15000-7efd7ac16000 r--p 00003000 08:05 26221757                   /usr/lib/x86_64-linux-gnu/libdl-2.31.so
7efd7ac16000-7efd7ac17000 r--p 00003000 08:05 26221757                   /usr/lib/x86_64-linux-gnu/libdl-2.31.so
7efd7ac17000-7efd7ac18000 rw-p 00004000 08:05 26221757                   /usr/lib/x86_64-linux-gnu/libdl-2.31.so
7efd7ac18000-7efd7ac1f000 r--p 00000000 08:05 26222529                   /usr/lib/x86_64-linux-gnu/libpthread-2.31.so
7efd7ac1f000-7efd7ac30000 r-xp 00007000 08:05 26222529                   /usr/lib/x86_64-linux-gnu/libpthread-2.31.so
7efd7ac30000-7efd7ac35000 r--p 00018000 08:05 26222529                   /usr/lib/x86_64-linux-gnu/libpthread-2.31.so
7efd7ac35000-7efd7ac36000 r--p 0001c000 08:05 26222529                   /usr/lib/x86_64-linux-gnu/libpthread-2.31.so
7efd7ac36000-7efd7ac37000 rw-p 0001d000 08:05 26222529                   /usr/lib/x86_64-linux-gnu/libpthread-2.31.so
7efd7ac37000-7efd7ac3b000 rw-p 00000000 00:00 0 
7efd7ac3b000-7efd7ac4a000 r-xp 00000000 08:05 14026956                   /home/corin/Documents/spring-tool-suite-4-4.10.0.RELEASE-e4.19.0-linux.gtk.x86_64/sts-4.10.0.RELEASE/plugins/org.eclipse.justj.openjdk.hotspot.jre.full.linux.x86_64_15.0.2.v20210201-0955/jre/lib/libjli.so
7efd7ac4a000-7efd7ac4b000 r--p 0000e000 08:05 14026956                   /home/corin/Documents/spring-tool-suite-4-4.10.0.RELEASE-e4.19.0-linux.gtk.x86_64/sts-4.10.0.RELEASE/plugins/org.eclipse.justj.openjdk.hotspot.jre.full.linux.x86_64_15.0.2.v20210201-0955/jre/lib/libjli.so
7efd7ac4b000-7efd7ac4c000 rw-p 0000f000 08:05 14026956                   /home/corin/Documents/spring-tool-suite-4-4.10.0.RELEASE-e4.19.0-linux.gtk.x86_64/sts-4.10.0.RELEASE/plugins/org.eclipse.justj.openjdk.hotspot.jre.full.linux.x86_64_15.0.2.v20210201-0955/jre/lib/libjli.so
7efd7ac4c000-7efd7ac4e000 r--p 00000000 08:05 26222954                   /usr/lib/x86_64-linux-gnu/libz.so.1.2.11
7efd7ac4e000-7efd7ac5f000 r-xp 00002000 08:05 26222954                   /usr/lib/x86_64-linux-gnu/libz.so.1.2.11
7efd7ac5f000-7efd7ac65000 r--p 00013000 08:05 26222954                   /usr/lib/x86_64-linux-gnu/libz.so.1.2.11
7efd7ac65000-7efd7ac66000 ---p 00019000 08:05 26222954                   /usr/lib/x86_64-linux-gnu/libz.so.1.2.11
7efd7ac66000-7efd7ac67000 r--p 00019000 08:05 26222954                   /usr/lib/x86_64-linux-gnu/libz.so.1.2.11
7efd7ac67000-7efd7ac68000 rw-p 0001a000 08:05 26222954                   /usr/lib/x86_64-linux-gnu/libz.so.1.2.11
7efd7ac68000-7efd7ac6b000 r--p 00000000 08:05 26222388                   /usr/lib/x86_64-linux-gnu/libnss_files-2.31.so
7efd7ac6b000-7efd7ac72000 r-xp 00003000 08:05 26222388                   /usr/lib/x86_64-linux-gnu/libnss_files-2.31.so
7efd7ac72000-7efd7ac74000 r--p 0000a000 08:05 26222388                   /usr/lib/x86_64-linux-gnu/libnss_files-2.31.so
7efd7ac74000-7efd7ac75000 r--p 0000b000 08:05 26222388                   /usr/lib/x86_64-linux-gnu/libnss_files-2.31.so
7efd7ac75000-7efd7ac76000 rw-p 0000c000 08:05 26222388                   /usr/lib/x86_64-linux-gnu/libnss_files-2.31.so
7efd7ac76000-7efd7ac7c000 rw-p 00000000 00:00 0 
7efd7ac7c000-7efd7ac7d000 ---p 00000000 00:00 0 
7efd7ac7d000-7efd7ac7e000 r--p 00000000 00:00 0 
7efd7ac7e000-7efd7ac80000 rw-p 00000000 00:00 0 
7efd7ac80000-7efd7ac81000 r--p 00000000 08:05 26221406                   /usr/lib/x86_64-linux-gnu/ld-2.31.so
7efd7ac81000-7efd7aca4000 r-xp 00001000 08:05 26221406                   /usr/lib/x86_64-linux-gnu/ld-2.31.so
7efd7aca4000-7efd7acac000 r--p 00024000 08:05 26221406                   /usr/lib/x86_64-linux-gnu/ld-2.31.so
7efd7acac000-7efd7acad000 ---p 00000000 00:00 0 
7efd7acad000-7efd7acae000 r--p 0002c000 08:05 26221406                   /usr/lib/x86_64-linux-gnu/ld-2.31.so
7efd7acae000-7efd7acaf000 rw-p 0002d000 08:05 26221406                   /usr/lib/x86_64-linux-gnu/ld-2.31.so
7efd7acaf000-7efd7acb0000 rw-p 00000000 00:00 0 
7ffd12c61000-7ffd12c85000 rw-p 00000000 00:00 0                          [stack]
7ffd12d3d000-7ffd12d41000 r--p 00000000 00:00 0                          [vvar]
7ffd12d41000-7ffd12d43000 r-xp 00000000 00:00 0                          [vdso]
ffffffffff600000-ffffffffff601000 --xp 00000000 00:00 0                  [vsyscall]


VM Arguments:
jvm_args: -ea -Dfile.encoding=UTF-8 -XX:+ShowCodeDetailsInExceptionMessages 
java_command: org.eclipse.jdt.internal.junit.runner.RemoteTestRunner -version 3 -port 37925 -testLoaderClass org.eclipse.jdt.internal.junit4.runner.JUnit4TestLoader -loaderpluginname org.eclipse.jdt.junit4.runtime -classNames com.jtccia.repositoryTest.ArtistaRepositoryTest
java_class_path (initial): /home/corin/Documents/pruebas/pruebaTecnica/target/test-classes:/home/corin/Documents/pruebas/pruebaTecnica/target/classes:/home/corin/Documents/spring-tool-suite-4-4.10.0.RELEASE-e4.19.0-linux.gtk.x86_64/sts-4.10.0.RELEASE/plugins/org.junit_4.13.0.v20200204-1500.jar:/home/corin/Documents/spring-tool-suite-4-4.10.0.RELEASE-e4.19.0-linux.gtk.x86_64/sts-4.10.0.RELEASE/plugins/org.hamcrest.core_1.3.0.v20180420-1519.jar:/home/corin/.m2/repository/org/springframework/boot/spring-boot-starter-data-jpa/2.5.8/spring-boot-starter-data-jpa-2.5.8.jar:/home/corin/.m2/repository/org/springframework/boot/spring-boot-starter-aop/2.5.8/spring-boot-starter-aop-2.5.8.jar:/home/corin/.m2/repository/org/springframework/spring-aop/5.3.14/spring-aop-5.3.14.jar:/home/corin/.m2/repository/org/aspectj/aspectjweaver/1.9.7/aspectjweaver-1.9.7.jar:/home/corin/.m2/repository/org/springframework/boot/spring-boot-starter-jdbc/2.5.8/spring-boot-starter-jdbc-2.5.8.jar:/home/corin/.m2/repository/com/zaxxer/HikariCP/4.0.3/HikariCP-4.0.3.jar:/home/corin/.m2/repository/org/springframework/spring-jdbc/5.3.14/spring-jdbc-5.3.14.jar:/home/corin/.m2/repository/jakarta/transaction/jakarta.transaction-api/1.3.3/jakarta.transaction-api-1.3.3.jar:/home/corin/.m2/repository/jakarta/persistence/jakarta.persistence-api/2.2.3/jakarta.persistence-api-2.2.3.jar:/home/corin/.m2/repository/org/hibernate/hibernate-core/5.4.33/hibernate-core-5.4.33.jar:/home/corin/.m2/repository/org/jboss/logging/jboss-logging/3.4.2.Final/jboss-logging-3.4.2.Final.jar:/home/corin/.m2/repository/org/javassist/javassist/3.27.0-GA/javassist-3.27.0-GA.jar:/home/corin/.m2/repository/net/bytebuddy/byte-buddy/1.10.22/byte-buddy-1.10.22.jar:/home/corin/.m2/repository/antlr/antlr/2.7.7/antlr-2.7.7.jar:/home/corin/.m2/repository/org/jboss/jandex/2.2.3.Final/jandex-2.2.3.Final.jar:/home/corin/.m2/repository/com/fasterxml/classmate/1.5.1/classmate-1.5.1.jar:/home/corin/.m2/repository/org/dom4j/dom4j/2.1.3/dom4j-2.1.3.ja
Launcher Type: SUN_STANDARD

[Global flags]
     intx CICompilerCount                          = 3                                         {product} {ergonomic}
     uint ConcGCThreads                            = 1                                         {product} {ergonomic}
     uint G1ConcRefinementThreads                  = 4                                         {product} {ergonomic}
   size_t G1HeapRegionSize                         = 1048576                                   {product} {ergonomic}
    uintx GCDrainStackTargetSize                   = 64                                        {product} {ergonomic}
   size_t InitialHeapSize                          = 130023424                                 {product} {ergonomic}
   size_t MarkStackSize                            = 4194304                                   {product} {ergonomic}
   size_t MaxHeapSize                              = 2080374784                                {product} {ergonomic}
   size_t MaxNewSize                               = 1247805440                                {product} {ergonomic}
   size_t MinHeapDeltaBytes                        = 1048576                                   {product} {ergonomic}
   size_t MinHeapSize                              = 8388608                                   {product} {ergonomic}
    uintx NonNMethodCodeHeapSize                   = 5832780                                {pd product} {ergonomic}
    uintx NonProfiledCodeHeapSize                  = 122912730                              {pd product} {ergonomic}
    uintx ProfiledCodeHeapSize                     = 122912730                              {pd product} {ergonomic}
    uintx ReservedCodeCacheSize                    = 251658240                              {pd product} {ergonomic}
     bool SegmentedCodeCache                       = true                                      {product} {ergonomic}
     bool ShowCodeDetailsInExceptionMessages       = true                                   {manageable} {command line}
   size_t SoftMaxHeapSize                          = 2080374784                             {manageable} {ergonomic}
     bool UseCompressedClassPointers               = true                                 {lp64_product} {ergonomic}
     bool UseCompressedOops                        = true                                 {lp64_product} {ergonomic}
     bool UseG1GC                                  = true                                      {product} {ergonomic}

Logging:
Log output configuration:
 #0: stdout all=warning uptime,level,tags
 #1: stderr all=off uptime,level,tags

Environment Variables:
PATH=/usr/local/sbin:/usr/local/bin:/usr/sbin:/usr/bin:/sbin:/bin:/usr/games:/usr/local/games:/snap/bin:home/corin/apache-ant-1.10.11/bin
USERNAME=corin
SHELL=/bin/bash
DISPLAY=:1
LANG=en_US.UTF-8

Signal Handlers:
SIGSEGV: [libjvm.so+0xd64200], sa_mask[0]=11111111011111111101111111111110, sa_flags=SA_RESTART|SA_SIGINFO
SIGBUS: [libjvm.so+0xd64200], sa_mask[0]=11111111011111111101111111111110, sa_flags=SA_RESTART|SA_SIGINFO
SIGFPE: [libjvm.so+0xd64200], sa_mask[0]=11111111011111111101111111111110, sa_flags=SA_RESTART|SA_SIGINFO
SIGPIPE: [libjvm.so+0xb419c0], sa_mask[0]=11111111011111111101111111111110, sa_flags=SA_RESTART|SA_SIGINFO
SIGXFSZ: [libjvm.so+0xb419c0], sa_mask[0]=11111111011111111101111111111110, sa_flags=SA_RESTART|SA_SIGINFO
SIGILL: [libjvm.so+0xd64200], sa_mask[0]=11111111011111111101111111111110, sa_flags=SA_RESTART|SA_SIGINFO
SIGUSR2: [libjvm.so+0xb41860], sa_mask[0]=00100000000000000000000000000000, sa_flags=SA_RESTART|SA_SIGINFO
SIGHUP: [libjvm.so+0xb420d0], sa_mask[0]=11111111011111111101111111111110, sa_flags=SA_RESTART|SA_SIGINFO
SIGINT: [libjvm.so+0xb420d0], sa_mask[0]=11111111011111111101111111111110, sa_flags=SA_RESTART|SA_SIGINFO
SIGTERM: [libjvm.so+0xb420d0], sa_mask[0]=11111111011111111101111111111110, sa_flags=SA_RESTART|SA_SIGINFO
SIGQUIT: [libjvm.so+0xb420d0], sa_mask[0]=11111111011111111101111111111110, sa_flags=SA_RESTART|SA_SIGINFO


---------------  S Y S T E M  ---------------

OS:
DISTRIB_ID=Ubuntu
DISTRIB_RELEASE=20.04
DISTRIB_CODENAME=focal
DISTRIB_DESCRIPTION="Ubuntu 20.04.3 LTS"
uname: Linux 5.11.0-43-generic #47~20.04.2-Ubuntu SMP Mon Dec 13 11:06:56 UTC 2021 x86_64
OS uptime: 0 days 1:11 hours
libc: glibc 2.31 NPTL 2.31 
rlimit (soft/hard): STACK 8192k/infinity , CORE 0k/infinity , NPROC 31487/31487 , NOFILE 1048576/1048576 , AS infinity/infinity , CPU infinity/infinity , DATA infinity/infinity , FSIZE infinity/infinity , MEMLOCK 65536k/65536k
load average: 1,43 1,67 2,05

/proc/meminfo:
MemTotal:        8126364 kB
MemFree:         1851116 kB
MemAvailable:    2902328 kB
Buffers:           80600 kB
Cached:          1200128 kB
SwapCached:        54068 kB
Active:          1005968 kB
Inactive:        4813736 kB
Active(anon):     263856 kB
Inactive(anon):  4331384 kB
Active(file):     742112 kB
Inactive(file):   482352 kB
Unevictable:          64 kB
Mlocked:              64 kB
SwapTotal:       2097148 kB
SwapFree:        1589220 kB
Dirty:               568 kB
Writeback:             0 kB
AnonPages:       4495308 kB
Mapped:           534212 kB
Shmem:             57388 kB
KReclaimable:      98056 kB
Slab:             236064 kB
SReclaimable:      98056 kB
SUnreclaim:       138008 kB
KernelStack:       27568 kB
PageTables:        59036 kB
NFS_Unstable:          0 kB
Bounce:                0 kB
WritebackTmp:          0 kB
CommitLimit:     6160328 kB
Committed_AS:   13203364 kB
VmallocTotal:   34359738367 kB
VmallocUsed:       65892 kB
VmallocChunk:          0 kB
Percpu:             7808 kB
HardwareCorrupted:     0 kB
AnonHugePages:         0 kB
ShmemHugePages:        0 kB
ShmemPmdMapped:        0 kB
FileHugePages:         0 kB
FilePmdMapped:         0 kB
HugePages_Total:       0
HugePages_Free:        0
HugePages_Rsvd:        0
HugePages_Surp:        0
Hugepagesize:       2048 kB
Hugetlb:               0 kB
DirectMap4k:      497920 kB
DirectMap2M:     7872512 kB

/sys/kernel/mm/transparent_hugepage/enabled: always [madvise] never
/sys/kernel/mm/transparent_hugepage/defrag (defrag/compaction efforts parameter): always defer defer+madvise [madvise] never

/proc/sys/kernel/threads-max (system-wide limit on the number of threads): 62975
/proc/sys/vm/max_map_count (maximum number of memory map areas a process may have): 65530
/proc/sys/kernel/pid_max (system-wide limit on number of process identifiers): 4194304

container (cgroup) information:
container_type: cgroupv1
cpu_cpuset_cpus: 0-3
cpu_memory_nodes: 0
active_processor_count: 4
cpu_quota: no quota
cpu_period: 100000
cpu_shares: no shares
memory_limit_in_bytes: unlimited
memory_and_swap_limit_in_bytes: unlimited
memory_soft_limit_in_bytes: unlimited
memory_usage_in_bytes: 5138157568
memory_max_usage_in_bytes: 6942474240

Steal ticks since vm start: 0
Steal ticks percentage since vm start:  0,000

CPU: total 4 (initial active 4) (2 cores per cpu, 2 threads per core) family 6 model 42 stepping 7 microcode 0x2f, cmov, cx8, fxsr, mmx, sse, sse2, sse3, ssse3, sse4.1, sse4.2, popcnt, vzeroupper, avx, aes, clmul, ht, tsc, tscinvbit, clflush
CPU Model and flags from /proc/cpuinfo:
model name	: Intel(R) Core(TM) i5-2410M CPU @ 2.30GHz
flags		: fpu vme de pse tsc msr pae mce cx8 apic sep mtrr pge mca cmov pat pse36 clflush dts acpi mmx fxsr sse sse2 ht tm pbe syscall nx rdtscp lm constant_tsc arch_perfmon pebs bts rep_good nopl xtopology nonstop_tsc cpuid aperfmperf pni pclmulqdq dtes64 monitor ds_cpl vmx est tm2 ssse3 cx16 xtpr pdcm pcid sse4_1 sse4_2 x2apic popcnt tsc_deadline_timer aes xsave avx lahf_lm epb pti ssbd ibrs ibpb stibp tpr_shadow vnmi flexpriority ept vpid xsaveopt dtherm ida arat pln pts md_clear flush_l1d

Online cpus: 0-3
Offline cpus: 4-7
BIOS frequency limitation: <Not Available>
Frequency switch latency (ns): 20000
Available cpu frequencies: <Not Available>
Current governor: ondemand
Core performance/turbo boost: <Not Available>

Memory: 4k page, physical 8126364k(1851116k free), swap 2097148k(1589220k free)

vm_info: OpenJDK 64-Bit Server VM (15.0.2+7-27) for linux-amd64 JRE (15.0.2+7-27), built on Dec  7 2020 19:54:59 by "mach5one" with gcc 9.2.0

END.
